<?xml version="1.0" encoding="UTF-8"?>
<testsuite xmlns:xsi="http://www.w3.org/2001/XMLSchema-instance" xsi:noNamespaceSchemaLocation="https://maven.apache.org/surefire/maven-failsafe-plugin/xsd/failsafe-test-report-3.0.xsd" version="3.0" name="Class6BDD.Runner" time="37.467" tests="3" errors="0" skipped="0" failures="0">
  <properties>
[...]
</properties>
  <testcase name="Login with standard_user" classname="SwagLabs Login tests" time="16.597">
    <system-out><![CDATA[12:54:25.369 [main] DEBUG net.thucydides.core.guice.Injectors - Created injector for module net.thucydides.core.guice.ThucydidesModule
12:54:25.605 [main] INFO io.cucumber.core.plugin.SerenityReporter - Running feature from file:///C:/Users/esaug/OneDrive%20-%20advancio.com/Documents/GitHub/SeleniumCourse/src/test/resources/features/SwagLabs.feature
12:54:25.778 [main] DEBUG net.thucydides.core.guice.Injectors - Created injector for module net.thucydides.core.guice.webdriver.WebDriverModule
12:54:25.793 [main] INFO  - 

-------------------------------------------------------------------------------------
     _______. _______ .______       _______ .__   __.  __  .___________.____    ____ 
    /       ||   ____||   _  \     |   ____||  \ |  | |  | |           |\   \  /   / 
   |   (----`|  |__   |  |_)  |    |  |__   |   \|  | |  | `---|  |----` \   \/   /  
    \   \    |   __|  |      /     |   __|  |  . `  | |  |     |  |       \_    _/   
.----)   |   |  |____ |  |\  \----.|  |____ |  |\   | |  |     |  |         |  |     
|_______/    |_______|| _| `._____||_______||__| \__| |__|     |__|         |__|    
                                                                                     
 News and tutorials at http://www.serenity-bdd.info                                  
 Documentation at https://wakaleo.gitbooks.io/the-serenity-book/content/             
 Join the Serenity Community on Gitter: https://gitter.im/serenity-bdd/serenity-core 
 Serenity BDD Support and Training at http://serenity-bdd.info/#/trainingandsupport  
-------------------------------------------------------------------------------------

12:54:25.795 [main] DEBUG net.thucydides.core.steps.StepEventBus - Test suite started for story net.thucydides.core.model.Story@fad66ad8
12:54:25.797 [main] INFO  - Test Suite Started: SwagLabs Login tests
12:54:25.863 [main] INFO io.cucumber.core.plugin.SerenityReporter - Running feature from file:///C:/Users/esaug/OneDrive%20-%20advancio.com/Documents/GitHub/SeleniumCourse/src/test/resources/features/SwagLabs.feature
12:54:25.867 [main] DEBUG net.thucydides.core.steps.StepEventBus - Test suite started for story net.thucydides.core.model.Story@fad66ad8
12:54:25.867 [main] INFO  - Test Suite Started: SwagLabs Login tests

Scenario: Login with standard_user           &amp#27;[90m# src/test/resources/features/SwagLabs.feature:2&amp#27;[0m
12:54:25.960 [main] INFO io.cucumber.core.plugin.SerenityReporter - Running feature from file:///C:/Users/esaug/OneDrive%20-%20advancio.com/Documents/GitHub/SeleniumCourse/src/test/resources/features/SwagLabs.feature
12:54:26.091 [main] INFO  - 
  _____   ___   ___   _____     ___   _____     _     ___   _____   ___   ___  
 |_   _| | __| / __| |_   _|   / __| |_   _|   /_\   | _ \ |_   _| | __| |   \ 
   | |   | _|  \__ \   | |     \__ \   | |    / _ \  |   /   | |   | _|  | |) |
   |_|   |___| |___/   |_|     |___/   |_|   /_/ \_\ |_|_\   |_|   |___| |___/ 

Login with standard_user(swaglabs-login-tests;login-with-standard-user)
--------------------------------------------------------------------------------
12:54:26.938 [main] INFO net.serenitybdd.core.webdriver.driverproviders.ChromeDriverProvider - Starting Chrome driver instance with capabilities:
12:54:26.939 [main] INFO net.serenitybdd.core.webdriver.driverproviders.ChromeDriverProvider - Capabilities {acceptInsecureCerts: false, browserName: chrome, goog:chromeOptions: {args: [--window-size=1920,1080, --headless], extensions: []}}
12:54:26.998 [main] DEBUG io.netty.util.internal.logging.InternalLoggerFactory - Using SLF4J as the default logging framework
12:54:27.004 [main] DEBUG io.netty.util.ResourceLeakDetector - -Dio.netty.leakDetection.level: simple
12:54:27.004 [main] DEBUG io.netty.util.ResourceLeakDetector - -Dio.netty.leakDetection.targetRecords: 4
12:54:27.007 [main] DEBUG io.netty.util.ResourceLeakDetectorFactory - Loaded default ResourceLeakDetector: io.netty.util.ResourceLeakDetector@291373d3
12:54:27.032 [main] DEBUG io.netty.util.internal.PlatformDependent0 - -Dio.netty.noUnsafe: false
12:54:27.032 [main] DEBUG io.netty.util.internal.PlatformDependent0 - Java version: 19
12:54:27.033 [main] DEBUG io.netty.util.internal.PlatformDependent0 - sun.misc.Unsafe.theUnsafe: available
12:54:27.033 [main] DEBUG io.netty.util.internal.PlatformDependent0 - sun.misc.Unsafe.copyMemory: available
12:54:27.034 [main] DEBUG io.netty.util.internal.PlatformDependent0 - sun.misc.Unsafe.storeFence: available
12:54:27.035 [main] DEBUG io.netty.util.internal.PlatformDependent0 - java.nio.Buffer.address: available
12:54:27.035 [main] DEBUG io.netty.util.internal.PlatformDependent0 - direct buffer constructor: unavailable: Reflective setAccessible(true) disabled
12:54:27.036 [main] DEBUG io.netty.util.internal.PlatformDependent0 - java.nio.Bits.unaligned: available, true
12:54:27.037 [main] DEBUG io.netty.util.internal.PlatformDependent0 - jdk.internal.misc.Unsafe.allocateUninitializedArray(int): unavailable: class io.netty.util.internal.PlatformDependent0$7 cannot access class jdk.internal.misc.Unsafe (in module java.base) because module java.base does not export jdk.internal.misc to unnamed module @74650e52
12:54:27.038 [main] DEBUG io.netty.util.internal.PlatformDependent0 - java.nio.DirectByteBuffer.<init>(long, int): unavailable
12:54:27.038 [main] DEBUG io.netty.util.internal.PlatformDependent - sun.misc.Unsafe: available
12:54:27.039 [main] DEBUG io.netty.util.internal.PlatformDependent - maxDirectMemory: 4263510016 bytes (maybe)
12:54:27.039 [main] DEBUG io.netty.util.internal.PlatformDependent - -Dio.netty.tmpdir: C:\Users\esaug\AppData\Local\Temp (java.io.tmpdir)
12:54:27.039 [main] DEBUG io.netty.util.internal.PlatformDependent - -Dio.netty.bitMode: 64 (sun.arch.data.model)
12:54:27.040 [main] DEBUG io.netty.util.internal.PlatformDependent - Platform: Windows
12:54:27.040 [main] DEBUG io.netty.util.internal.PlatformDependent - -Dio.netty.maxDirectMemory: -1 bytes
12:54:27.041 [main] DEBUG io.netty.util.internal.PlatformDependent - -Dio.netty.uninitializedArrayAllocationThreshold: -1
12:54:27.043 [main] DEBUG io.netty.util.internal.CleanerJava9 - java.nio.ByteBuffer.cleaner(): available
12:54:27.044 [main] DEBUG io.netty.util.internal.PlatformDependent - -Dio.netty.noPreferDirect: false
12:54:27.054 [main] DEBUG io.netty.util.internal.PlatformDependent - org.jctools-core.MpscChunkedArrayQueue: available
12:54:27.080 [main] DEBUG io.netty.util.internal.InternalThreadLocalMap - -Dio.netty.threadLocalMap.stringBuilder.initialSize: 1024
12:54:27.080 [main] DEBUG io.netty.util.internal.InternalThreadLocalMap - -Dio.netty.threadLocalMap.stringBuilder.maxSize: 4096
12:54:27.283 [main] DEBUG io.netty.handler.ssl.JdkSslContext - Default protocols (JDK): [TLSv1.3, TLSv1.2] 
12:54:27.283 [main] DEBUG io.netty.handler.ssl.JdkSslContext - Default cipher suites (JDK): [TLS_ECDHE_ECDSA_WITH_AES_256_GCM_SHA384, TLS_ECDHE_ECDSA_WITH_AES_128_GCM_SHA256, TLS_ECDHE_RSA_WITH_AES_128_GCM_SHA256, TLS_ECDHE_RSA_WITH_AES_256_GCM_SHA384, TLS_ECDHE_RSA_WITH_AES_128_CBC_SHA, TLS_ECDHE_RSA_WITH_AES_256_CBC_SHA, TLS_RSA_WITH_AES_128_GCM_SHA256, TLS_RSA_WITH_AES_128_CBC_SHA, TLS_RSA_WITH_AES_256_CBC_SHA, TLS_AES_128_GCM_SHA256, TLS_AES_256_GCM_SHA384]
12:54:27.312 [main] DEBUG io.netty.channel.MultithreadEventLoopGroup - -Dio.netty.eventLoopThreads: 16
12:54:27.320 [main] DEBUG io.netty.channel.nio.NioEventLoop - -Dio.netty.noKeySetOptimization: false
12:54:27.320 [main] DEBUG io.netty.channel.nio.NioEventLoop - -Dio.netty.selectorAutoRebuildThreshold: 512
12:54:27.369 [main] DEBUG io.netty.buffer.PooledByteBufAllocator - -Dio.netty.allocator.numHeapArenas: 16
12:54:27.370 [main] DEBUG io.netty.buffer.PooledByteBufAllocator - -Dio.netty.allocator.numDirectArenas: 16
12:54:27.370 [main] DEBUG io.netty.buffer.PooledByteBufAllocator - -Dio.netty.allocator.pageSize: 8192
12:54:27.370 [main] DEBUG io.netty.buffer.PooledByteBufAllocator - -Dio.netty.allocator.maxOrder: 9
12:54:27.370 [main] DEBUG io.netty.buffer.PooledByteBufAllocator - -Dio.netty.allocator.chunkSize: 4194304
12:54:27.370 [main] DEBUG io.netty.buffer.PooledByteBufAllocator - -Dio.netty.allocator.smallCacheSize: 256
12:54:27.370 [main] DEBUG io.netty.buffer.PooledByteBufAllocator - -Dio.netty.allocator.normalCacheSize: 64
12:54:27.370 [main] DEBUG io.netty.buffer.PooledByteBufAllocator - -Dio.netty.allocator.maxCachedBufferCapacity: 32768
12:54:27.370 [main] DEBUG io.netty.buffer.PooledByteBufAllocator - -Dio.netty.allocator.cacheTrimInterval: 8192
12:54:27.370 [main] DEBUG io.netty.buffer.PooledByteBufAllocator - -Dio.netty.allocator.cacheTrimIntervalMillis: 0
12:54:27.370 [main] DEBUG io.netty.buffer.PooledByteBufAllocator - -Dio.netty.allocator.useCacheForAllThreads: false
12:54:27.370 [main] DEBUG io.netty.buffer.PooledByteBufAllocator - -Dio.netty.allocator.maxCachedByteBuffersPerChunk: 1023
12:54:27.389 [main] DEBUG io.netty.buffer.ByteBufUtil - -Dio.netty.allocator.type: pooled
12:54:27.390 [main] DEBUG io.netty.buffer.ByteBufUtil - -Dio.netty.threadLocalDirectBufferSize: 0
12:54:27.390 [main] DEBUG io.netty.buffer.ByteBufUtil - -Dio.netty.maxThreadLocalCharBufferSize: 16384
12:54:27.804 [Forwarding newSession on session null to remote] DEBUG io.netty.channel.DefaultChannelId - -Dio.netty.processId: 7196 (auto-detected)
12:54:27.806 [Forwarding newSession on session null to remote] DEBUG io.netty.util.NetUtil - -Djava.net.preferIPv4Stack: false
12:54:27.806 [Forwarding newSession on session null to remote] DEBUG io.netty.util.NetUtil - -Djava.net.preferIPv6Addresses: false
12:54:27.815 [Forwarding newSession on session null to remote] DEBUG io.netty.util.NetUtilInitializations - Loopback interface: lo (Software Loopback Interface 1, 127.0.0.1)
12:54:27.816 [Forwarding newSession on session null to remote] DEBUG io.netty.util.NetUtil - Failed to get SOMAXCONN from sysctl and file \proc\sys\net\core\somaxconn. Default: 200
12:54:27.851 [Forwarding newSession on session null to remote] DEBUG io.netty.channel.DefaultChannelId - -Dio.netty.machineId: 10:5b:ad:ff:fe:b4:37:b5 (auto-detected)
12:54:27.897 [AsyncHttpClient-1-2] DEBUG io.netty.buffer.AbstractByteBuf - -Dio.netty.buffer.checkAccessible: true
12:54:27.898 [AsyncHttpClient-1-2] DEBUG io.netty.buffer.AbstractByteBuf - -Dio.netty.buffer.checkBounds: true
12:54:27.898 [AsyncHttpClient-1-2] DEBUG io.netty.util.ResourceLeakDetectorFactory - Loaded default ResourceLeakDetector: io.netty.util.ResourceLeakDetector@37a3556d
12:54:27.908 [AsyncHttpClient-1-2] DEBUG org.asynchttpclient.netty.channel.NettyConnectListener - Using new Channel '[id: 0x8d79f04c, L:/127.0.0.1:57339 - R:localhost/127.0.0.1:38982]' for 'POST' to '/session'
12:54:27.925 [AsyncHttpClient-1-2] DEBUG io.netty.util.Recycler - -Dio.netty.recycler.maxCapacityPerThread: 4096
12:54:27.925 [AsyncHttpClient-1-2] DEBUG io.netty.util.Recycler - -Dio.netty.recycler.ratio: 8
12:54:27.925 [AsyncHttpClient-1-2] DEBUG io.netty.util.Recycler - -Dio.netty.recycler.chunkSize: 32
12:54:27.925 [AsyncHttpClient-1-2] DEBUG io.netty.util.Recycler - -Dio.netty.recycler.blocking: false
12:54:29.256 [AsyncHttpClient-1-2] DEBUG io.netty.handler.codec.compression.Brotli - brotli4j not in the classpath; Brotli support will be unavailable.
12:54:29.256 [AsyncHttpClient-1-2] DEBUG org.asynchttpclient.netty.handler.HttpHandler - 

Request DefaultHttpRequest(decodeResult: success, version: HTTP/1.1)
POST /session HTTP/1.1
User-Agent: selenium/4.7.1 (java windows)
Content-Length: 557
Content-Type: application/json; charset=utf-8
host: localhost:38982
accept: */*

Response DefaultHttpResponse(decodeResult: success, version: HTTP/1.1)
HTTP/1.1 200 OK
Content-Type: application/json; charset=utf-8
cache-control: no-cache
content-length: 789

12:54:29.263 [AsyncHttpClient-1-2] DEBUG org.asynchttpclient.netty.channel.ChannelManager - Adding key: http://localhost:38982 for channel [id: 0x8d79f04c, L:/127.0.0.1:57339 - R:localhost/127.0.0.1:38982]
12:54:29.320 [AsyncHttpClient-1-3] DEBUG org.asynchttpclient.netty.channel.NettyConnectListener - Using new Channel '[id: 0x4a21d08e, L:/127.0.0.1:57346 - R:localhost/127.0.0.1:57340]' for 'GET' to '/json/version'
12:54:29.322 [AsyncHttpClient-1-3] DEBUG org.asynchttpclient.netty.handler.HttpHandler - 

Request DefaultFullHttpRequest(decodeResult: success, version: HTTP/1.1, content: EmptyByteBufBE)
GET /json/version HTTP/1.1
User-Agent: selenium/4.7.1 (java windows)
host: localhost:57340
accept: */*

Response DefaultHttpResponse(decodeResult: success, version: HTTP/1.1)
HTTP/1.1 200 OK
Content-Security-Policy: frame-ancestors 'none'
Content-Type: application/json; charset=UTF-8
content-length: 445

12:54:29.323 [AsyncHttpClient-1-3] DEBUG org.asynchttpclient.netty.channel.ChannelManager - Adding key: http://localhost:57340 for channel [id: 0x4a21d08e, L:/127.0.0.1:57346 - R:localhost/127.0.0.1:57340]
12:54:29.331 [main] DEBUG io.netty.util.internal.ThreadLocalRandom - -Dio.netty.initialSeedUniquifier: 0x2e615cceb8947e02
12:54:29.334 [AsyncHttpClient-1-4] DEBUG org.asynchttpclient.netty.channel.NettyConnectListener - Using new Channel '[id: 0xd7d75fcd, L:/127.0.0.1:57347 - R:localhost/127.0.0.1:57340]' for 'GET' to '/devtools/browser/bc934a1c-2367-49c8-9536-5022681039d0'
12:54:29.336 [AsyncHttpClient-1-4] DEBUG org.asynchttpclient.netty.handler.WebSocketHandler - 

Request DefaultFullHttpRequest(decodeResult: success, version: HTTP/1.1, content: EmptyByteBufBE)
GET /devtools/browser/bc934a1c-2367-49c8-9536-5022681039d0 HTTP/1.1
upgrade: websocket
connection: upgrade
sec-websocket-key: 37dU++IrBWafkyXkJ7+ovA==
sec-websocket-version: 13
origin: http://localhost:57340
host: localhost:57340
accept: */*
user-agent: AHC/2.1

Response DefaultHttpResponse(decodeResult: success, version: HTTP/1.1)
HTTP/1.1 101 WebSocket Protocol Handshake
Upgrade: WebSocket
Connection: Upgrade
Sec-WebSocket-Accept: Kap4q8slVlBv+aTfQcnSbhshfPk=

12:54:29.476 [AsyncHttpClient-1-1] DEBUG org.asynchttpclient.netty.channel.DefaultChannelPool - Entry count for : http://localhost:38982 : 1
12:54:29.477 [AsyncHttpClient-1-1] DEBUG org.asynchttpclient.netty.channel.DefaultChannelPool - Entry count for : http://localhost:57340 : 1
12:54:30.243 [main] DEBUG net.thucydides.core.reflection.ClassFinder - Could not load class .Class6BDD.PO.CartPo
12:54:30.244 [main] DEBUG net.thucydides.core.reflection.ClassFinder - Could not load class .Class6BDD.PO.LoginPo
12:54:30.244 [main] DEBUG net.thucydides.core.reflection.ClassFinder - Could not load class .Class6BDD.PO.ProductsPo
12:54:30.244 [main] DEBUG net.thucydides.core.reflection.ClassFinder - Could not load class .Class6BDD.Runner
12:54:30.244 [main] DEBUG net.thucydides.core.reflection.ClassFinder - Could not load class .Class6BDD.SwagLabsTests
12:54:30.244 [main] DEBUG net.thucydides.core.reflection.ClassFinder - Could not load class .Class6BDD.driver.DriverBase
12:54:30.244 [main] DEBUG net.thucydides.core.reflection.ClassFinder - Could not load class .Class6BDD.driver.DriverManager
12:54:30.244 [main] DEBUG net.thucydides.core.reflection.ClassFinder - Could not load class .Class6BDD.steps.CartSteps
12:54:30.244 [main] DEBUG net.thucydides.core.reflection.ClassFinder - Could not load class .Class6BDD.steps.CommonSteps
12:54:30.244 [main] DEBUG net.thucydides.core.reflection.ClassFinder - Could not load class .Class6BDD.steps.LoginSteps
12:54:30.244 [main] DEBUG net.thucydides.core.reflection.ClassFinder - Could not load class .Class6BDD.steps.ProductSteps
12:54:30.244 [main] DEBUG net.thucydides.core.reflection.ClassFinder - Could not load class .firstCodeClass.test1
12:54:30.245 [main] DEBUG net.thucydides.core.reflection.ClassFinder - Could not load class META-INF.versions.9.com.sun.istack.logging.StackHelper
12:54:30.245 [main] DEBUG net.thucydides.core.reflection.ClassFinder - Could not load class META-INF.versions.9.com.sun.xml.bind.v2.runtime.reflect.opt.AccessorInjector
12:54:30.245 [main] DEBUG net.thucydides.core.reflection.ClassFinder - Could not load class META-INF.versions.9.com.sun.xml.bind.v2.runtime.reflect.opt.Injector
12:54:30.245 [main] DEBUG net.thucydides.core.reflection.ClassFinder - Could not load class META-INF.versions.9.com.sun.xml.bind.v2.runtime.reflect.opt.OptimizedAccessorFactory
12:54:30.246 [main] DEBUG net.thucydides.core.reflection.ClassFinder - Could not load class META-INF.versions.9.com.sun.xml.bind.v2.runtime.reflect.opt.OptimizedTransducedAccessorFactory
12:54:30.246 [main] DEBUG net.thucydides.core.reflection.ClassFinder - Could not load class META-INF.versions.9.io.opentelemetry.sdk.internal.CurrentJavaVersionSpecific
12:54:30.246 [main] DEBUG net.thucydides.core.reflection.ClassFinder - Could not load class META-INF.versions.9.io.opentelemetry.sdk.internal.Java9VersionSpecific
12:54:30.247 [main] DEBUG net.thucydides.core.reflection.ClassFinder - Could not load class META-INF.versions.9.javax.xml.bind.ModuleUtil
12:54:30.247 [main] DEBUG net.thucydides.core.reflection.ClassFinder - Could not load class META-INF.versions.9.module-info
12:54:30.247 [main] DEBUG net.thucydides.core.reflection.ClassFinder - Could not load class META-INF.versions.9.org.codehaus.plexus.languages.java.jpms.BinaryModuleInfoParser
12:54:30.247 [main] DEBUG net.thucydides.core.reflection.ClassFinder - Could not load class META-INF.versions.9.org.codehaus.plexus.languages.java.jpms.CmdModuleNameExtractor
12:54:30.562 [AsyncHttpClient-1-1] DEBUG org.asynchttpclient.netty.channel.DefaultChannelPool - Entry count for : http://localhost:38982 : 1
12:54:30.562 [AsyncHttpClient-1-1] DEBUG org.asynchttpclient.netty.channel.DefaultChannelPool - Entry count for : http://localhost:57340 : 1
12:54:30.614 [main] DEBUG net.thucydides.core.reflection.ClassFinder - Could not load class com.google.gson.internal.
12:54:30.789 [main] DEBUG net.thucydides.core.reflection.ClassFinder - Could not load class com.sun.xml.bind.v2.runtime.output.FastInfosetStreamWriterOutput
12:54:31.185 [main] DEBUG net.thucydides.core.reflection.ClassFinder - Could not load class module-info
12:54:31.661 [AsyncHttpClient-1-1] DEBUG org.asynchttpclient.netty.channel.DefaultChannelPool - Entry count for : http://localhost:38982 : 1
12:54:31.661 [AsyncHttpClient-1-1] DEBUG org.asynchttpclient.netty.channel.DefaultChannelPool - Entry count for : http://localhost:57340 : 1
12:54:32.047 [main] DEBUG net.thucydides.core.reflection.ClassFinder - Could not load class org.assertj.core.api.JUnitJupiterBDDSoftAssertions
12:54:32.047 [main] DEBUG net.thucydides.core.reflection.ClassFinder - Could not load class org.assertj.core.api.JUnitJupiterSoftAssertions
12:54:32.070 [main] DEBUG net.thucydides.core.reflection.ClassFinder - Could not load class org.assertj.core.api.junit.jupiter.SoftAssertionsExtension
12:54:32.071 [main] DEBUG net.thucydides.core.reflection.ClassFinder - Could not load class org.assertj.core.api.junit.jupiter.SoftlyExtension
12:54:32.085 [main] DEBUG net.thucydides.core.reflection.ClassFinder - Could not load class org.assertj.core.error.AssertJMultipleFailuresError
12:54:32.761 [AsyncHttpClient-1-1] DEBUG org.asynchttpclient.netty.channel.DefaultChannelPool - Entry count for : http://localhost:38982 : 1
12:54:32.761 [AsyncHttpClient-1-1] DEBUG org.asynchttpclient.netty.channel.DefaultChannelPool - Entry count for : http://localhost:57340 : 1
12:54:33.862 [AsyncHttpClient-1-1] DEBUG org.asynchttpclient.netty.channel.DefaultChannelPool - Entry count for : http://localhost:38982 : 1
12:54:33.862 [AsyncHttpClient-1-1] DEBUG org.asynchttpclient.netty.channel.DefaultChannelPool - Entry count for : http://localhost:57340 : 1
12:54:34.961 [AsyncHttpClient-1-1] DEBUG org.asynchttpclient.netty.channel.DefaultChannelPool - Entry count for : http://localhost:38982 : 1
12:54:34.961 [AsyncHttpClient-1-1] DEBUG org.asynchttpclient.netty.channel.DefaultChannelPool - Entry count for : http://localhost:57340 : 1
12:54:35.015 [Forwarding maximizeCurrentWindow on session 2c71f9eb5064509c172e342f7b686634 to remote] DEBUG org.asynchttpclient.netty.request.NettyRequestSender - Using pooled Channel '[id: 0x8d79f04c, L:/127.0.0.1:57339 - R:localhost/127.0.0.1:38982]' for 'POST' to 'http://localhost:38982/session/2c71f9eb5064509c172e342f7b686634/window/maximize'
12:54:35.015 [Forwarding maximizeCurrentWindow on session 2c71f9eb5064509c172e342f7b686634 to remote] DEBUG org.asynchttpclient.netty.request.NettyRequestSender - Using open Channel [id: 0x8d79f04c, L:/127.0.0.1:57339 - R:localhost/127.0.0.1:38982] for POST '/session/2c71f9eb5064509c172e342f7b686634/window/maximize'
12:54:35.128 [AsyncHttpClient-1-2] DEBUG org.asynchttpclient.netty.handler.HttpHandler - 

Request DefaultHttpRequest(decodeResult: success, version: HTTP/1.1)
POST /session/2c71f9eb5064509c172e342f7b686634/window/maximize HTTP/1.1
User-Agent: selenium/4.7.1 (java windows)
Content-Length: 3
Content-Type: application/json; charset=utf-8
host: localhost:38982
accept: */*

Response DefaultHttpResponse(decodeResult: success, version: HTTP/1.1)
HTTP/1.1 200 OK
Content-Type: application/json; charset=utf-8
cache-control: no-cache
content-length: 50

12:54:35.129 [AsyncHttpClient-1-2] DEBUG org.asynchttpclient.netty.channel.ChannelManager - Adding key: http://localhost:38982 for channel [id: 0x8d79f04c, L:/127.0.0.1:57339 - R:localhost/127.0.0.1:38982]
12:54:35.159 [Forwarding get on session 2c71f9eb5064509c172e342f7b686634 to remote] DEBUG org.asynchttpclient.netty.request.NettyRequestSender - Using pooled Channel '[id: 0x8d79f04c, L:/127.0.0.1:57339 - R:localhost/127.0.0.1:38982]' for 'POST' to 'http://localhost:38982/session/2c71f9eb5064509c172e342f7b686634/url'
12:54:35.159 [Forwarding get on session 2c71f9eb5064509c172e342f7b686634 to remote] DEBUG org.asynchttpclient.netty.request.NettyRequestSender - Using open Channel [id: 0x8d79f04c, L:/127.0.0.1:57339 - R:localhost/127.0.0.1:38982] for POST '/session/2c71f9eb5064509c172e342f7b686634/url'
12:54:35.462 [AsyncHttpClient-1-2] DEBUG org.asynchttpclient.netty.handler.HttpHandler - 

Request DefaultHttpRequest(decodeResult: success, version: HTTP/1.1)
POST /session/2c71f9eb5064509c172e342f7b686634/url HTTP/1.1
User-Agent: selenium/4.7.1 (java windows)
Content-Length: 56
Content-Type: application/json; charset=utf-8
host: localhost:38982
accept: */*

Response DefaultHttpResponse(decodeResult: success, version: HTTP/1.1)
HTTP/1.1 200 OK
Content-Type: application/json; charset=utf-8
cache-control: no-cache
content-length: 14

12:54:35.462 [AsyncHttpClient-1-2] DEBUG org.asynchttpclient.netty.channel.ChannelManager - Adding key: http://localhost:38982 for channel [id: 0x8d79f04c, L:/127.0.0.1:57339 - R:localhost/127.0.0.1:38982]
12:54:35.465 [Forwarding setTimeout on session 2c71f9eb5064509c172e342f7b686634 to remote] DEBUG org.asynchttpclient.netty.request.NettyRequestSender - Using pooled Channel '[id: 0x8d79f04c, L:/127.0.0.1:57339 - R:localhost/127.0.0.1:38982]' for 'POST' to 'http://localhost:38982/session/2c71f9eb5064509c172e342f7b686634/timeouts'
12:54:35.465 [Forwarding setTimeout on session 2c71f9eb5064509c172e342f7b686634 to remote] DEBUG org.asynchttpclient.netty.request.NettyRequestSender - Using open Channel [id: 0x8d79f04c, L:/127.0.0.1:57339 - R:localhost/127.0.0.1:38982] for POST '/session/2c71f9eb5064509c172e342f7b686634/timeouts'
12:54:35.466 [AsyncHttpClient-1-2] DEBUG org.asynchttpclient.netty.handler.HttpHandler - 

Request DefaultHttpRequest(decodeResult: success, version: HTTP/1.1)
POST /session/2c71f9eb5064509c172e342f7b686634/timeouts HTTP/1.1
User-Agent: selenium/4.7.1 (java windows)
Content-Length: 22
Content-Type: application/json; charset=utf-8
host: localhost:38982
accept: */*

Response DefaultHttpResponse(decodeResult: success, version: HTTP/1.1)
HTTP/1.1 200 OK
Content-Type: application/json; charset=utf-8
cache-control: no-cache
content-length: 14

12:54:35.466 [AsyncHttpClient-1-2] DEBUG org.asynchttpclient.netty.channel.ChannelManager - Adding key: http://localhost:38982 for channel [id: 0x8d79f04c, L:/127.0.0.1:57339 - R:localhost/127.0.0.1:38982]
  &amp#27;[32mGiven &amp#27;[0m&amp#27;[32mI go to &amp#27;[0m&amp#27;[32m&amp#27;[1m"https://www.saucedemo.com/"&amp#27;[0m &amp#27;[90m# Class6BDD.steps.CommonSteps.fillCrossDockSection(java.lang.String)&amp#27;[0m
12:54:35.486 [main] DEBUG net.serenitybdd.core.photography.Darkroom - Opening darkroom
12:54:35.488 [Darkroom Processing Line] DEBUG net.serenitybdd.core.photography.DarkroomProcessingLine - Darkroom processing line starting up
12:54:35.495 [Forwarding getCurrentWindowHandle on session 2c71f9eb5064509c172e342f7b686634 to remote] DEBUG org.asynchttpclient.netty.request.NettyRequestSender - Using pooled Channel '[id: 0x8d79f04c, L:/127.0.0.1:57339 - R:localhost/127.0.0.1:38982]' for 'GET' to 'http://localhost:38982/session/2c71f9eb5064509c172e342f7b686634/window'
12:54:35.495 [Forwarding getCurrentWindowHandle on session 2c71f9eb5064509c172e342f7b686634 to remote] DEBUG org.asynchttpclient.netty.request.NettyRequestSender - Using open Channel [id: 0x8d79f04c, L:/127.0.0.1:57339 - R:localhost/127.0.0.1:38982] for GET '/session/2c71f9eb5064509c172e342f7b686634/window'
12:54:35.496 [AsyncHttpClient-1-2] DEBUG org.asynchttpclient.netty.handler.HttpHandler - 

Request DefaultFullHttpRequest(decodeResult: success, version: HTTP/1.1, content: EmptyByteBufBE)
GET /session/2c71f9eb5064509c172e342f7b686634/window HTTP/1.1
User-Agent: selenium/4.7.1 (java windows)
Cache-Control: no-cache
Content-Type: application/json; charset=utf-8
host: localhost:38982
accept: */*

Response DefaultHttpResponse(decodeResult: success, version: HTTP/1.1)
HTTP/1.1 200 OK
Content-Type: application/json; charset=utf-8
cache-control: no-cache
content-length: 53

12:54:35.496 [AsyncHttpClient-1-2] DEBUG org.asynchttpclient.netty.channel.ChannelManager - Adding key: http://localhost:38982 for channel [id: 0x8d79f04c, L:/127.0.0.1:57339 - R:localhost/127.0.0.1:38982]
12:54:35.497 [Forwarding getAlertText on session 2c71f9eb5064509c172e342f7b686634 to remote] DEBUG org.asynchttpclient.netty.request.NettyRequestSender - Using pooled Channel '[id: 0x8d79f04c, L:/127.0.0.1:57339 - R:localhost/127.0.0.1:38982]' for 'GET' to 'http://localhost:38982/session/2c71f9eb5064509c172e342f7b686634/alert/text'
12:54:35.497 [Forwarding getAlertText on session 2c71f9eb5064509c172e342f7b686634 to remote] DEBUG org.asynchttpclient.netty.request.NettyRequestSender - Using open Channel [id: 0x8d79f04c, L:/127.0.0.1:57339 - R:localhost/127.0.0.1:38982] for GET '/session/2c71f9eb5064509c172e342f7b686634/alert/text'
12:54:35.499 [AsyncHttpClient-1-2] DEBUG org.asynchttpclient.netty.handler.HttpHandler - 

Request DefaultFullHttpRequest(decodeResult: success, version: HTTP/1.1, content: EmptyByteBufBE)
GET /session/2c71f9eb5064509c172e342f7b686634/alert/text HTTP/1.1
User-Agent: selenium/4.7.1 (java windows)
Cache-Control: no-cache
Content-Type: application/json; charset=utf-8
host: localhost:38982
accept: */*

Response DefaultHttpResponse(decodeResult: success, version: HTTP/1.1)
HTTP/1.1 404 Not Found
Content-Type: application/json; charset=utf-8
cache-control: no-cache
content-length: 834

12:54:35.500 [AsyncHttpClient-1-2] DEBUG org.asynchttpclient.netty.channel.ChannelManager - Adding key: http://localhost:38982 for channel [id: 0x8d79f04c, L:/127.0.0.1:57339 - R:localhost/127.0.0.1:38982]
12:54:35.507 [Forwarding switchToWindow on session 2c71f9eb5064509c172e342f7b686634 to remote] DEBUG org.asynchttpclient.netty.request.NettyRequestSender - Using pooled Channel '[id: 0x8d79f04c, L:/127.0.0.1:57339 - R:localhost/127.0.0.1:38982]' for 'POST' to 'http://localhost:38982/session/2c71f9eb5064509c172e342f7b686634/window'
12:54:35.507 [Forwarding switchToWindow on session 2c71f9eb5064509c172e342f7b686634 to remote] DEBUG org.asynchttpclient.netty.request.NettyRequestSender - Using open Channel [id: 0x8d79f04c, L:/127.0.0.1:57339 - R:localhost/127.0.0.1:38982] for POST '/session/2c71f9eb5064509c172e342f7b686634/window'
12:54:35.510 [AsyncHttpClient-1-2] DEBUG org.asynchttpclient.netty.handler.HttpHandler - 

Request DefaultHttpRequest(decodeResult: success, version: HTTP/1.1)
POST /session/2c71f9eb5064509c172e342f7b686634/window HTTP/1.1
User-Agent: selenium/4.7.1 (java windows)
Content-Length: 59
Content-Type: application/json; charset=utf-8
host: localhost:38982
accept: */*

Response DefaultHttpResponse(decodeResult: success, version: HTTP/1.1)
HTTP/1.1 200 OK
Content-Type: application/json; charset=utf-8
cache-control: no-cache
content-length: 14

12:54:35.510 [AsyncHttpClient-1-2] DEBUG org.asynchttpclient.netty.channel.ChannelManager - Adding key: http://localhost:38982 for channel [id: 0x8d79f04c, L:/127.0.0.1:57339 - R:localhost/127.0.0.1:38982]
12:54:35.511 [Forwarding getCurrentUrl on session 2c71f9eb5064509c172e342f7b686634 to remote] DEBUG org.asynchttpclient.netty.request.NettyRequestSender - Using pooled Channel '[id: 0x8d79f04c, L:/127.0.0.1:57339 - R:localhost/127.0.0.1:38982]' for 'GET' to 'http://localhost:38982/session/2c71f9eb5064509c172e342f7b686634/url'
12:54:35.511 [Forwarding getCurrentUrl on session 2c71f9eb5064509c172e342f7b686634 to remote] DEBUG org.asynchttpclient.netty.request.NettyRequestSender - Using open Channel [id: 0x8d79f04c, L:/127.0.0.1:57339 - R:localhost/127.0.0.1:38982] for GET '/session/2c71f9eb5064509c172e342f7b686634/url'
12:54:35.515 [AsyncHttpClient-1-2] DEBUG org.asynchttpclient.netty.handler.HttpHandler - 

Request DefaultFullHttpRequest(decodeResult: success, version: HTTP/1.1, content: EmptyByteBufBE)
GET /session/2c71f9eb5064509c172e342f7b686634/url HTTP/1.1
User-Agent: selenium/4.7.1 (java windows)
Cache-Control: no-cache
Content-Type: application/json; charset=utf-8
host: localhost:38982
accept: */*

Response DefaultHttpResponse(decodeResult: success, version: HTTP/1.1)
HTTP/1.1 200 OK
Content-Type: application/json; charset=utf-8
cache-control: no-cache
content-length: 38

12:54:35.515 [AsyncHttpClient-1-2] DEBUG org.asynchttpclient.netty.channel.ChannelManager - Adding key: http://localhost:38982 for channel [id: 0x8d79f04c, L:/127.0.0.1:57339 - R:localhost/127.0.0.1:38982]
12:54:35.517 [Forwarding screenshot on session 2c71f9eb5064509c172e342f7b686634 to remote] DEBUG org.asynchttpclient.netty.request.NettyRequestSender - Using pooled Channel '[id: 0x8d79f04c, L:/127.0.0.1:57339 - R:localhost/127.0.0.1:38982]' for 'GET' to 'http://localhost:38982/session/2c71f9eb5064509c172e342f7b686634/screenshot'
12:54:35.517 [Forwarding screenshot on session 2c71f9eb5064509c172e342f7b686634 to remote] DEBUG org.asynchttpclient.netty.request.NettyRequestSender - Using open Channel [id: 0x8d79f04c, L:/127.0.0.1:57339 - R:localhost/127.0.0.1:38982] for GET '/session/2c71f9eb5064509c172e342f7b686634/screenshot'
12:54:35.649 [AsyncHttpClient-1-2] DEBUG org.asynchttpclient.netty.handler.HttpHandler - 

Request DefaultFullHttpRequest(decodeResult: success, version: HTTP/1.1, content: EmptyByteBufBE)
GET /session/2c71f9eb5064509c172e342f7b686634/screenshot HTTP/1.1
User-Agent: selenium/4.7.1 (java windows)
Cache-Control: no-cache
Content-Type: application/json; charset=utf-8
host: localhost:38982
accept: */*

Response DefaultHttpResponse(decodeResult: success, version: HTTP/1.1)
HTTP/1.1 200 OK
Content-Type: application/json; charset=utf-8
cache-control: no-cache
content-length: 80692

12:54:35.650 [AsyncHttpClient-1-2] DEBUG org.asynchttpclient.netty.channel.ChannelManager - Adding key: http://localhost:38982 for channel [id: 0x8d79f04c, L:/127.0.0.1:57339 - R:localhost/127.0.0.1:38982]
12:54:35.708 [main] DEBUG net.serenitybdd.core.photography.Darkroom - Send negative for processing for target\site\serenity\15a7514d6fa104e3b1d014195f40b59ecdad25387af39f26ebf9f7e5154565c1.png
12:54:35.717 [Forwarding getPageSource on session 2c71f9eb5064509c172e342f7b686634 to remote] DEBUG org.asynchttpclient.netty.request.NettyRequestSender - Using pooled Channel '[id: 0x8d79f04c, L:/127.0.0.1:57339 - R:localhost/127.0.0.1:38982]' for 'POST' to 'http://localhost:38982/session/2c71f9eb5064509c172e342f7b686634/execute/sync'
12:54:35.718 [Forwarding getPageSource on session 2c71f9eb5064509c172e342f7b686634 to remote] DEBUG org.asynchttpclient.netty.request.NettyRequestSender - Using open Channel [id: 0x8d79f04c, L:/127.0.0.1:57339 - R:localhost/127.0.0.1:38982] for POST '/session/2c71f9eb5064509c172e342f7b686634/execute/sync'
12:54:35.723 [AsyncHttpClient-1-2] DEBUG org.asynchttpclient.netty.handler.HttpHandler - 

Request DefaultHttpRequest(decodeResult: success, version: HTTP/1.1)
POST /session/2c71f9eb5064509c172e342f7b686634/execute/sync HTTP/1.1
User-Agent: selenium/4.7.1 (java windows)
Content-Length: 176
Content-Type: application/json; charset=utf-8
host: localhost:38982
accept: */*

Response DefaultHttpResponse(decodeResult: success, version: HTTP/1.1)
HTTP/1.1 200 OK
Content-Type: application/json; charset=utf-8
cache-control: no-cache
content-length: 4160

12:54:35.723 [AsyncHttpClient-1-2] DEBUG org.asynchttpclient.netty.channel.ChannelManager - Adding key: http://localhost:38982 for channel [id: 0x8d79f04c, L:/127.0.0.1:57339 - R:localhost/127.0.0.1:38982]
12:54:35.792 [Forwarding getCurrentUrl on session 2c71f9eb5064509c172e342f7b686634 to remote] DEBUG org.asynchttpclient.netty.request.NettyRequestSender - Using pooled Channel '[id: 0x8d79f04c, L:/127.0.0.1:57339 - R:localhost/127.0.0.1:38982]' for 'GET' to 'http://localhost:38982/session/2c71f9eb5064509c172e342f7b686634/url'
12:54:35.793 [Forwarding getCurrentUrl on session 2c71f9eb5064509c172e342f7b686634 to remote] DEBUG org.asynchttpclient.netty.request.NettyRequestSender - Using open Channel [id: 0x8d79f04c, L:/127.0.0.1:57339 - R:localhost/127.0.0.1:38982] for GET '/session/2c71f9eb5064509c172e342f7b686634/url'
12:54:35.798 [AsyncHttpClient-1-2] DEBUG org.asynchttpclient.netty.handler.HttpHandler - 

Request DefaultFullHttpRequest(decodeResult: success, version: HTTP/1.1, content: EmptyByteBufBE)
GET /session/2c71f9eb5064509c172e342f7b686634/url HTTP/1.1
User-Agent: selenium/4.7.1 (java windows)
Cache-Control: no-cache
Content-Type: application/json; charset=utf-8
host: localhost:38982
accept: */*

Response DefaultHttpResponse(decodeResult: success, version: HTTP/1.1)
HTTP/1.1 200 OK
Content-Type: application/json; charset=utf-8
cache-control: no-cache
content-length: 38

12:54:35.799 [AsyncHttpClient-1-2] DEBUG org.asynchttpclient.netty.channel.ChannelManager - Adding key: http://localhost:38982 for channel [id: 0x8d79f04c, L:/127.0.0.1:57339 - R:localhost/127.0.0.1:38982]
12:54:35.809 [Forwarding maximizeCurrentWindow on session 2c71f9eb5064509c172e342f7b686634 to remote] DEBUG org.asynchttpclient.netty.request.NettyRequestSender - Using pooled Channel '[id: 0x8d79f04c, L:/127.0.0.1:57339 - R:localhost/127.0.0.1:38982]' for 'POST' to 'http://localhost:38982/session/2c71f9eb5064509c172e342f7b686634/window/maximize'
12:54:35.809 [Forwarding maximizeCurrentWindow on session 2c71f9eb5064509c172e342f7b686634 to remote] DEBUG org.asynchttpclient.netty.request.NettyRequestSender - Using open Channel [id: 0x8d79f04c, L:/127.0.0.1:57339 - R:localhost/127.0.0.1:38982] for POST '/session/2c71f9eb5064509c172e342f7b686634/window/maximize'
12:54:35.813 [AsyncHttpClient-1-2] DEBUG org.asynchttpclient.netty.handler.HttpHandler - 

Request DefaultHttpRequest(decodeResult: success, version: HTTP/1.1)
POST /session/2c71f9eb5064509c172e342f7b686634/window/maximize HTTP/1.1
User-Agent: selenium/4.7.1 (java windows)
Content-Length: 3
Content-Type: application/json; charset=utf-8
host: localhost:38982
accept: */*

Response DefaultHttpResponse(decodeResult: success, version: HTTP/1.1)
HTTP/1.1 200 OK
Content-Type: application/json; charset=utf-8
cache-control: no-cache
content-length: 50

12:54:35.814 [AsyncHttpClient-1-2] DEBUG org.asynchttpclient.netty.channel.ChannelManager - Adding key: http://localhost:38982 for channel [id: 0x8d79f04c, L:/127.0.0.1:57339 - R:localhost/127.0.0.1:38982]
12:54:35.830 [Forwarding findElement on session 2c71f9eb5064509c172e342f7b686634 to remote] DEBUG org.asynchttpclient.netty.request.NettyRequestSender - Using pooled Channel '[id: 0x8d79f04c, L:/127.0.0.1:57339 - R:localhost/127.0.0.1:38982]' for 'POST' to 'http://localhost:38982/session/2c71f9eb5064509c172e342f7b686634/element'
12:54:35.831 [Forwarding findElement on session 2c71f9eb5064509c172e342f7b686634 to remote] DEBUG org.asynchttpclient.netty.request.NettyRequestSender - Using open Channel [id: 0x8d79f04c, L:/127.0.0.1:57339 - R:localhost/127.0.0.1:38982] for POST '/session/2c71f9eb5064509c172e342f7b686634/element'
12:54:35.841 [AsyncHttpClient-1-2] DEBUG org.asynchttpclient.netty.handler.HttpHandler - 

Request DefaultHttpRequest(decodeResult: success, version: HTTP/1.1)
POST /session/2c71f9eb5064509c172e342f7b686634/element HTTP/1.1
User-Agent: selenium/4.7.1 (java windows)
Content-Length: 56
Content-Type: application/json; charset=utf-8
host: localhost:38982
accept: */*

Response DefaultHttpResponse(decodeResult: success, version: HTTP/1.1)
HTTP/1.1 200 OK
Content-Type: application/json; charset=utf-8
cache-control: no-cache
content-length: 88

12:54:35.841 [AsyncHttpClient-1-2] DEBUG org.asynchttpclient.netty.channel.ChannelManager - Adding key: http://localhost:38982 for channel [id: 0x8d79f04c, L:/127.0.0.1:57339 - R:localhost/127.0.0.1:38982]
12:54:35.845 [Forwarding sendKeysToElement on session 2c71f9eb5064509c172e342f7b686634 to remote] DEBUG org.asynchttpclient.netty.request.NettyRequestSender - Using pooled Channel '[id: 0x8d79f04c, L:/127.0.0.1:57339 - R:localhost/127.0.0.1:38982]' for 'POST' to 'http://localhost:38982/session/2c71f9eb5064509c172e342f7b686634/element/a168d354-c71b-443b-ba4f-2f083d70a3c1/value'
12:54:35.845 [Forwarding sendKeysToElement on session 2c71f9eb5064509c172e342f7b686634 to remote] DEBUG org.asynchttpclient.netty.request.NettyRequestSender - Using open Channel [id: 0x8d79f04c, L:/127.0.0.1:57339 - R:localhost/127.0.0.1:38982] for POST '/session/2c71f9eb5064509c172e342f7b686634/element/a168d354-c71b-443b-ba4f-2f083d70a3c1/value'
12:54:35.902 [AsyncHttpClient-1-2] DEBUG org.asynchttpclient.netty.handler.HttpHandler - 

Request DefaultHttpRequest(decodeResult: success, version: HTTP/1.1)
POST /session/2c71f9eb5064509c172e342f7b686634/element/a168d354-c71b-443b-ba4f-2f083d70a3c1/value HTTP/1.1
User-Agent: selenium/4.7.1 (java windows)
Content-Length: 211
Content-Type: application/json; charset=utf-8
host: localhost:38982
accept: */*

Response DefaultHttpResponse(decodeResult: success, version: HTTP/1.1)
HTTP/1.1 200 OK
Content-Type: application/json; charset=utf-8
cache-control: no-cache
content-length: 14

12:54:35.903 [AsyncHttpClient-1-2] DEBUG org.asynchttpclient.netty.channel.ChannelManager - Adding key: http://localhost:38982 for channel [id: 0x8d79f04c, L:/127.0.0.1:57339 - R:localhost/127.0.0.1:38982]
  &amp#27;[32mThen &amp#27;[0m&amp#27;[32mI fill username &amp#27;[0m&amp#27;[32m&amp#27;[1m"standard_user"&amp#27;[0m       &amp#27;[90m# Class6BDD.steps.LoginSteps.iFillUsername(java.lang.String)&amp#27;[0m
12:54:35.910 [Forwarding getCurrentWindowHandle on session 2c71f9eb5064509c172e342f7b686634 to remote] DEBUG org.asynchttpclient.netty.request.NettyRequestSender - Using pooled Channel '[id: 0x8d79f04c, L:/127.0.0.1:57339 - R:localhost/127.0.0.1:38982]' for 'GET' to 'http://localhost:38982/session/2c71f9eb5064509c172e342f7b686634/window'
12:54:35.910 [Forwarding getCurrentWindowHandle on session 2c71f9eb5064509c172e342f7b686634 to remote] DEBUG org.asynchttpclient.netty.request.NettyRequestSender - Using open Channel [id: 0x8d79f04c, L:/127.0.0.1:57339 - R:localhost/127.0.0.1:38982] for GET '/session/2c71f9eb5064509c172e342f7b686634/window'
12:54:35.911 [AsyncHttpClient-1-2] DEBUG org.asynchttpclient.netty.handler.HttpHandler - 

Request DefaultFullHttpRequest(decodeResult: success, version: HTTP/1.1, content: EmptyByteBufBE)
GET /session/2c71f9eb5064509c172e342f7b686634/window HTTP/1.1
User-Agent: selenium/4.7.1 (java windows)
Cache-Control: no-cache
Content-Type: application/json; charset=utf-8
host: localhost:38982
accept: */*

Response DefaultHttpResponse(decodeResult: success, version: HTTP/1.1)
HTTP/1.1 200 OK
Content-Type: application/json; charset=utf-8
cache-control: no-cache
content-length: 53

12:54:35.911 [AsyncHttpClient-1-2] DEBUG org.asynchttpclient.netty.channel.ChannelManager - Adding key: http://localhost:38982 for channel [id: 0x8d79f04c, L:/127.0.0.1:57339 - R:localhost/127.0.0.1:38982]
12:54:35.912 [Forwarding getAlertText on session 2c71f9eb5064509c172e342f7b686634 to remote] DEBUG org.asynchttpclient.netty.request.NettyRequestSender - Using pooled Channel '[id: 0x8d79f04c, L:/127.0.0.1:57339 - R:localhost/127.0.0.1:38982]' for 'GET' to 'http://localhost:38982/session/2c71f9eb5064509c172e342f7b686634/alert/text'
12:54:35.912 [Forwarding getAlertText on session 2c71f9eb5064509c172e342f7b686634 to remote] DEBUG org.asynchttpclient.netty.request.NettyRequestSender - Using open Channel [id: 0x8d79f04c, L:/127.0.0.1:57339 - R:localhost/127.0.0.1:38982] for GET '/session/2c71f9eb5064509c172e342f7b686634/alert/text'
12:54:35.914 [AsyncHttpClient-1-2] DEBUG org.asynchttpclient.netty.handler.HttpHandler - 

Request DefaultFullHttpRequest(decodeResult: success, version: HTTP/1.1, content: EmptyByteBufBE)
GET /session/2c71f9eb5064509c172e342f7b686634/alert/text HTTP/1.1
User-Agent: selenium/4.7.1 (java windows)
Cache-Control: no-cache
Content-Type: application/json; charset=utf-8
host: localhost:38982
accept: */*

Response DefaultHttpResponse(decodeResult: success, version: HTTP/1.1)
HTTP/1.1 404 Not Found
Content-Type: application/json; charset=utf-8
cache-control: no-cache
content-length: 834

12:54:35.914 [AsyncHttpClient-1-2] DEBUG org.asynchttpclient.netty.channel.ChannelManager - Adding key: http://localhost:38982 for channel [id: 0x8d79f04c, L:/127.0.0.1:57339 - R:localhost/127.0.0.1:38982]
12:54:35.916 [Forwarding switchToWindow on session 2c71f9eb5064509c172e342f7b686634 to remote] DEBUG org.asynchttpclient.netty.request.NettyRequestSender - Using pooled Channel '[id: 0x8d79f04c, L:/127.0.0.1:57339 - R:localhost/127.0.0.1:38982]' for 'POST' to 'http://localhost:38982/session/2c71f9eb5064509c172e342f7b686634/window'
12:54:35.916 [Forwarding switchToWindow on session 2c71f9eb5064509c172e342f7b686634 to remote] DEBUG org.asynchttpclient.netty.request.NettyRequestSender - Using open Channel [id: 0x8d79f04c, L:/127.0.0.1:57339 - R:localhost/127.0.0.1:38982] for POST '/session/2c71f9eb5064509c172e342f7b686634/window'
12:54:35.918 [AsyncHttpClient-1-2] DEBUG org.asynchttpclient.netty.handler.HttpHandler - 

Request DefaultHttpRequest(decodeResult: success, version: HTTP/1.1)
POST /session/2c71f9eb5064509c172e342f7b686634/window HTTP/1.1
User-Agent: selenium/4.7.1 (java windows)
Content-Length: 59
Content-Type: application/json; charset=utf-8
host: localhost:38982
accept: */*

Response DefaultHttpResponse(decodeResult: success, version: HTTP/1.1)
HTTP/1.1 200 OK
Content-Type: application/json; charset=utf-8
cache-control: no-cache
content-length: 14

12:54:35.918 [AsyncHttpClient-1-2] DEBUG org.asynchttpclient.netty.channel.ChannelManager - Adding key: http://localhost:38982 for channel [id: 0x8d79f04c, L:/127.0.0.1:57339 - R:localhost/127.0.0.1:38982]
12:54:35.919 [Forwarding getCurrentUrl on session 2c71f9eb5064509c172e342f7b686634 to remote] DEBUG org.asynchttpclient.netty.request.NettyRequestSender - Using pooled Channel '[id: 0x8d79f04c, L:/127.0.0.1:57339 - R:localhost/127.0.0.1:38982]' for 'GET' to 'http://localhost:38982/session/2c71f9eb5064509c172e342f7b686634/url'
12:54:35.919 [Forwarding getCurrentUrl on session 2c71f9eb5064509c172e342f7b686634 to remote] DEBUG org.asynchttpclient.netty.request.NettyRequestSender - Using open Channel [id: 0x8d79f04c, L:/127.0.0.1:57339 - R:localhost/127.0.0.1:38982] for GET '/session/2c71f9eb5064509c172e342f7b686634/url'
12:54:35.923 [AsyncHttpClient-1-2] DEBUG org.asynchttpclient.netty.handler.HttpHandler - 

Request DefaultFullHttpRequest(decodeResult: success, version: HTTP/1.1, content: EmptyByteBufBE)
GET /session/2c71f9eb5064509c172e342f7b686634/url HTTP/1.1
User-Agent: selenium/4.7.1 (java windows)
Cache-Control: no-cache
Content-Type: application/json; charset=utf-8
host: localhost:38982
accept: */*

Response DefaultHttpResponse(decodeResult: success, version: HTTP/1.1)
HTTP/1.1 200 OK
Content-Type: application/json; charset=utf-8
cache-control: no-cache
content-length: 38

12:54:35.923 [AsyncHttpClient-1-2] DEBUG org.asynchttpclient.netty.channel.ChannelManager - Adding key: http://localhost:38982 for channel [id: 0x8d79f04c, L:/127.0.0.1:57339 - R:localhost/127.0.0.1:38982]
12:54:35.924 [Forwarding screenshot on session 2c71f9eb5064509c172e342f7b686634 to remote] DEBUG org.asynchttpclient.netty.request.NettyRequestSender - Using pooled Channel '[id: 0x8d79f04c, L:/127.0.0.1:57339 - R:localhost/127.0.0.1:38982]' for 'GET' to 'http://localhost:38982/session/2c71f9eb5064509c172e342f7b686634/screenshot'
12:54:35.924 [Forwarding screenshot on session 2c71f9eb5064509c172e342f7b686634 to remote] DEBUG org.asynchttpclient.netty.request.NettyRequestSender - Using open Channel [id: 0x8d79f04c, L:/127.0.0.1:57339 - R:localhost/127.0.0.1:38982] for GET '/session/2c71f9eb5064509c172e342f7b686634/screenshot'
12:54:36.064 [AsyncHttpClient-1-1] DEBUG org.asynchttpclient.netty.channel.DefaultChannelPool - Entry count for : http://localhost:57340 : 1
12:54:36.117 [AsyncHttpClient-1-2] DEBUG org.asynchttpclient.netty.handler.HttpHandler - 

Request DefaultFullHttpRequest(decodeResult: success, version: HTTP/1.1, content: EmptyByteBufBE)
GET /session/2c71f9eb5064509c172e342f7b686634/screenshot HTTP/1.1
User-Agent: selenium/4.7.1 (java windows)
Cache-Control: no-cache
Content-Type: application/json; charset=utf-8
host: localhost:38982
accept: */*

Response DefaultHttpResponse(decodeResult: success, version: HTTP/1.1)
HTTP/1.1 200 OK
Content-Type: application/json; charset=utf-8
cache-control: no-cache
content-length: 81524

12:54:36.118 [AsyncHttpClient-1-2] DEBUG org.asynchttpclient.netty.channel.ChannelManager - Adding key: http://localhost:38982 for channel [id: 0x8d79f04c, L:/127.0.0.1:57339 - R:localhost/127.0.0.1:38982]
12:54:36.123 [main] DEBUG net.serenitybdd.core.photography.Darkroom - Send negative for processing for target\site\serenity\4d348736925d136719aeae1b6214215cd9df14df0a0e9287ede36be35ff0d279.png
12:54:36.128 [Forwarding getPageSource on session 2c71f9eb5064509c172e342f7b686634 to remote] DEBUG org.asynchttpclient.netty.request.NettyRequestSender - Using pooled Channel '[id: 0x8d79f04c, L:/127.0.0.1:57339 - R:localhost/127.0.0.1:38982]' for 'POST' to 'http://localhost:38982/session/2c71f9eb5064509c172e342f7b686634/execute/sync'
12:54:36.128 [Forwarding getPageSource on session 2c71f9eb5064509c172e342f7b686634 to remote] DEBUG org.asynchttpclient.netty.request.NettyRequestSender - Using open Channel [id: 0x8d79f04c, L:/127.0.0.1:57339 - R:localhost/127.0.0.1:38982] for POST '/session/2c71f9eb5064509c172e342f7b686634/execute/sync'
12:54:36.132 [AsyncHttpClient-1-2] DEBUG org.asynchttpclient.netty.handler.HttpHandler - 

Request DefaultHttpRequest(decodeResult: success, version: HTTP/1.1)
POST /session/2c71f9eb5064509c172e342f7b686634/execute/sync HTTP/1.1
User-Agent: selenium/4.7.1 (java windows)
Content-Length: 176
Content-Type: application/json; charset=utf-8
host: localhost:38982
accept: */*

Response DefaultHttpResponse(decodeResult: success, version: HTTP/1.1)
HTTP/1.1 200 OK
Content-Type: application/json; charset=utf-8
cache-control: no-cache
content-length: 4173

12:54:36.132 [AsyncHttpClient-1-2] DEBUG org.asynchttpclient.netty.channel.ChannelManager - Adding key: http://localhost:38982 for channel [id: 0x8d79f04c, L:/127.0.0.1:57339 - R:localhost/127.0.0.1:38982]
12:54:36.135 [Forwarding getCurrentUrl on session 2c71f9eb5064509c172e342f7b686634 to remote] DEBUG org.asynchttpclient.netty.request.NettyRequestSender - Using pooled Channel '[id: 0x8d79f04c, L:/127.0.0.1:57339 - R:localhost/127.0.0.1:38982]' for 'GET' to 'http://localhost:38982/session/2c71f9eb5064509c172e342f7b686634/url'
12:54:36.135 [Forwarding getCurrentUrl on session 2c71f9eb5064509c172e342f7b686634 to remote] DEBUG org.asynchttpclient.netty.request.NettyRequestSender - Using open Channel [id: 0x8d79f04c, L:/127.0.0.1:57339 - R:localhost/127.0.0.1:38982] for GET '/session/2c71f9eb5064509c172e342f7b686634/url'
12:54:36.137 [AsyncHttpClient-1-2] DEBUG org.asynchttpclient.netty.handler.HttpHandler - 

Request DefaultFullHttpRequest(decodeResult: success, version: HTTP/1.1, content: EmptyByteBufBE)
GET /session/2c71f9eb5064509c172e342f7b686634/url HTTP/1.1
User-Agent: selenium/4.7.1 (java windows)
Cache-Control: no-cache
Content-Type: application/json; charset=utf-8
host: localhost:38982
accept: */*

Response DefaultHttpResponse(decodeResult: success, version: HTTP/1.1)
HTTP/1.1 200 OK
Content-Type: application/json; charset=utf-8
cache-control: no-cache
content-length: 38

12:54:36.138 [AsyncHttpClient-1-2] DEBUG org.asynchttpclient.netty.channel.ChannelManager - Adding key: http://localhost:38982 for channel [id: 0x8d79f04c, L:/127.0.0.1:57339 - R:localhost/127.0.0.1:38982]
12:54:36.142 [Forwarding findElement on session 2c71f9eb5064509c172e342f7b686634 to remote] DEBUG org.asynchttpclient.netty.request.NettyRequestSender - Using pooled Channel '[id: 0x8d79f04c, L:/127.0.0.1:57339 - R:localhost/127.0.0.1:38982]' for 'POST' to 'http://localhost:38982/session/2c71f9eb5064509c172e342f7b686634/element'
12:54:36.142 [Forwarding findElement on session 2c71f9eb5064509c172e342f7b686634 to remote] DEBUG org.asynchttpclient.netty.request.NettyRequestSender - Using open Channel [id: 0x8d79f04c, L:/127.0.0.1:57339 - R:localhost/127.0.0.1:38982] for POST '/session/2c71f9eb5064509c172e342f7b686634/element'
12:54:36.150 [AsyncHttpClient-1-2] DEBUG org.asynchttpclient.netty.handler.HttpHandler - 

Request DefaultHttpRequest(decodeResult: success, version: HTTP/1.1)
POST /session/2c71f9eb5064509c172e342f7b686634/element HTTP/1.1
User-Agent: selenium/4.7.1 (java windows)
Content-Length: 53
Content-Type: application/json; charset=utf-8
host: localhost:38982
accept: */*

Response DefaultHttpResponse(decodeResult: success, version: HTTP/1.1)
HTTP/1.1 200 OK
Content-Type: application/json; charset=utf-8
cache-control: no-cache
content-length: 88

12:54:36.150 [AsyncHttpClient-1-2] DEBUG org.asynchttpclient.netty.channel.ChannelManager - Adding key: http://localhost:38982 for channel [id: 0x8d79f04c, L:/127.0.0.1:57339 - R:localhost/127.0.0.1:38982]
12:54:36.152 [Forwarding sendKeysToElement on session 2c71f9eb5064509c172e342f7b686634 to remote] DEBUG org.asynchttpclient.netty.request.NettyRequestSender - Using pooled Channel '[id: 0x8d79f04c, L:/127.0.0.1:57339 - R:localhost/127.0.0.1:38982]' for 'POST' to 'http://localhost:38982/session/2c71f9eb5064509c172e342f7b686634/element/806a8ba6-e15b-457b-8974-e891383bb1ed/value'
12:54:36.152 [Forwarding sendKeysToElement on session 2c71f9eb5064509c172e342f7b686634 to remote] DEBUG org.asynchttpclient.netty.request.NettyRequestSender - Using open Channel [id: 0x8d79f04c, L:/127.0.0.1:57339 - R:localhost/127.0.0.1:38982] for POST '/session/2c71f9eb5064509c172e342f7b686634/element/806a8ba6-e15b-457b-8974-e891383bb1ed/value'
12:54:36.236 [AsyncHttpClient-1-2] DEBUG org.asynchttpclient.netty.handler.HttpHandler - 

Request DefaultHttpRequest(decodeResult: success, version: HTTP/1.1)
POST /session/2c71f9eb5064509c172e342f7b686634/element/806a8ba6-e15b-457b-8974-e891383bb1ed/value HTTP/1.1
User-Agent: selenium/4.7.1 (java windows)
Content-Length: 201
Content-Type: application/json; charset=utf-8
host: localhost:38982
accept: */*

Response DefaultHttpResponse(decodeResult: success, version: HTTP/1.1)
HTTP/1.1 200 OK
Content-Type: application/json; charset=utf-8
cache-control: no-cache
content-length: 14

12:54:36.236 [AsyncHttpClient-1-2] DEBUG org.asynchttpclient.netty.channel.ChannelManager - Adding key: http://localhost:38982 for channel [id: 0x8d79f04c, L:/127.0.0.1:57339 - R:localhost/127.0.0.1:38982]
  &amp#27;[32mThen &amp#27;[0m&amp#27;[32mI fill password &amp#27;[0m&amp#27;[32m&amp#27;[1m"secret_sauce"&amp#27;[0m        &amp#27;[90m# Class6BDD.steps.LoginSteps.iFillPassword(java.lang.String)&amp#27;[0m
12:54:36.244 [Forwarding getCurrentWindowHandle on session 2c71f9eb5064509c172e342f7b686634 to remote] DEBUG org.asynchttpclient.netty.request.NettyRequestSender - Using pooled Channel '[id: 0x8d79f04c, L:/127.0.0.1:57339 - R:localhost/127.0.0.1:38982]' for 'GET' to 'http://localhost:38982/session/2c71f9eb5064509c172e342f7b686634/window'
12:54:36.244 [Forwarding getCurrentWindowHandle on session 2c71f9eb5064509c172e342f7b686634 to remote] DEBUG org.asynchttpclient.netty.request.NettyRequestSender - Using open Channel [id: 0x8d79f04c, L:/127.0.0.1:57339 - R:localhost/127.0.0.1:38982] for GET '/session/2c71f9eb5064509c172e342f7b686634/window'
12:54:36.245 [AsyncHttpClient-1-2] DEBUG org.asynchttpclient.netty.handler.HttpHandler - 

Request DefaultFullHttpRequest(decodeResult: success, version: HTTP/1.1, content: EmptyByteBufBE)
GET /session/2c71f9eb5064509c172e342f7b686634/window HTTP/1.1
User-Agent: selenium/4.7.1 (java windows)
Cache-Control: no-cache
Content-Type: application/json; charset=utf-8
host: localhost:38982
accept: */*

Response DefaultHttpResponse(decodeResult: success, version: HTTP/1.1)
HTTP/1.1 200 OK
Content-Type: application/json; charset=utf-8
cache-control: no-cache
content-length: 53

12:54:36.245 [AsyncHttpClient-1-2] DEBUG org.asynchttpclient.netty.channel.ChannelManager - Adding key: http://localhost:38982 for channel [id: 0x8d79f04c, L:/127.0.0.1:57339 - R:localhost/127.0.0.1:38982]
12:54:36.247 [Forwarding getAlertText on session 2c71f9eb5064509c172e342f7b686634 to remote] DEBUG org.asynchttpclient.netty.request.NettyRequestSender - Using pooled Channel '[id: 0x8d79f04c, L:/127.0.0.1:57339 - R:localhost/127.0.0.1:38982]' for 'GET' to 'http://localhost:38982/session/2c71f9eb5064509c172e342f7b686634/alert/text'
12:54:36.247 [Forwarding getAlertText on session 2c71f9eb5064509c172e342f7b686634 to remote] DEBUG org.asynchttpclient.netty.request.NettyRequestSender - Using open Channel [id: 0x8d79f04c, L:/127.0.0.1:57339 - R:localhost/127.0.0.1:38982] for GET '/session/2c71f9eb5064509c172e342f7b686634/alert/text'
12:54:36.249 [AsyncHttpClient-1-2] DEBUG org.asynchttpclient.netty.handler.HttpHandler - 

Request DefaultFullHttpRequest(decodeResult: success, version: HTTP/1.1, content: EmptyByteBufBE)
GET /session/2c71f9eb5064509c172e342f7b686634/alert/text HTTP/1.1
User-Agent: selenium/4.7.1 (java windows)
Cache-Control: no-cache
Content-Type: application/json; charset=utf-8
host: localhost:38982
accept: */*

Response DefaultHttpResponse(decodeResult: success, version: HTTP/1.1)
HTTP/1.1 404 Not Found
Content-Type: application/json; charset=utf-8
cache-control: no-cache
content-length: 834

12:54:36.249 [AsyncHttpClient-1-2] DEBUG org.asynchttpclient.netty.channel.ChannelManager - Adding key: http://localhost:38982 for channel [id: 0x8d79f04c, L:/127.0.0.1:57339 - R:localhost/127.0.0.1:38982]
12:54:36.251 [Forwarding switchToWindow on session 2c71f9eb5064509c172e342f7b686634 to remote] DEBUG org.asynchttpclient.netty.request.NettyRequestSender - Using pooled Channel '[id: 0x8d79f04c, L:/127.0.0.1:57339 - R:localhost/127.0.0.1:38982]' for 'POST' to 'http://localhost:38982/session/2c71f9eb5064509c172e342f7b686634/window'
12:54:36.251 [Forwarding switchToWindow on session 2c71f9eb5064509c172e342f7b686634 to remote] DEBUG org.asynchttpclient.netty.request.NettyRequestSender - Using open Channel [id: 0x8d79f04c, L:/127.0.0.1:57339 - R:localhost/127.0.0.1:38982] for POST '/session/2c71f9eb5064509c172e342f7b686634/window'
12:54:36.253 [AsyncHttpClient-1-2] DEBUG org.asynchttpclient.netty.handler.HttpHandler - 

Request DefaultHttpRequest(decodeResult: success, version: HTTP/1.1)
POST /session/2c71f9eb5064509c172e342f7b686634/window HTTP/1.1
User-Agent: selenium/4.7.1 (java windows)
Content-Length: 59
Content-Type: application/json; charset=utf-8
host: localhost:38982
accept: */*

Response DefaultHttpResponse(decodeResult: success, version: HTTP/1.1)
HTTP/1.1 200 OK
Content-Type: application/json; charset=utf-8
cache-control: no-cache
content-length: 14

12:54:36.253 [AsyncHttpClient-1-2] DEBUG org.asynchttpclient.netty.channel.ChannelManager - Adding key: http://localhost:38982 for channel [id: 0x8d79f04c, L:/127.0.0.1:57339 - R:localhost/127.0.0.1:38982]
12:54:36.254 [Forwarding getCurrentUrl on session 2c71f9eb5064509c172e342f7b686634 to remote] DEBUG org.asynchttpclient.netty.request.NettyRequestSender - Using pooled Channel '[id: 0x8d79f04c, L:/127.0.0.1:57339 - R:localhost/127.0.0.1:38982]' for 'GET' to 'http://localhost:38982/session/2c71f9eb5064509c172e342f7b686634/url'
12:54:36.254 [Forwarding getCurrentUrl on session 2c71f9eb5064509c172e342f7b686634 to remote] DEBUG org.asynchttpclient.netty.request.NettyRequestSender - Using open Channel [id: 0x8d79f04c, L:/127.0.0.1:57339 - R:localhost/127.0.0.1:38982] for GET '/session/2c71f9eb5064509c172e342f7b686634/url'
12:54:36.257 [AsyncHttpClient-1-2] DEBUG org.asynchttpclient.netty.handler.HttpHandler - 

Request DefaultFullHttpRequest(decodeResult: success, version: HTTP/1.1, content: EmptyByteBufBE)
GET /session/2c71f9eb5064509c172e342f7b686634/url HTTP/1.1
User-Agent: selenium/4.7.1 (java windows)
Cache-Control: no-cache
Content-Type: application/json; charset=utf-8
host: localhost:38982
accept: */*

Response DefaultHttpResponse(decodeResult: success, version: HTTP/1.1)
HTTP/1.1 200 OK
Content-Type: application/json; charset=utf-8
cache-control: no-cache
content-length: 38

12:54:36.258 [AsyncHttpClient-1-2] DEBUG org.asynchttpclient.netty.channel.ChannelManager - Adding key: http://localhost:38982 for channel [id: 0x8d79f04c, L:/127.0.0.1:57339 - R:localhost/127.0.0.1:38982]
12:54:36.258 [Forwarding screenshot on session 2c71f9eb5064509c172e342f7b686634 to remote] DEBUG org.asynchttpclient.netty.request.NettyRequestSender - Using pooled Channel '[id: 0x8d79f04c, L:/127.0.0.1:57339 - R:localhost/127.0.0.1:38982]' for 'GET' to 'http://localhost:38982/session/2c71f9eb5064509c172e342f7b686634/screenshot'
12:54:36.258 [Forwarding screenshot on session 2c71f9eb5064509c172e342f7b686634 to remote] DEBUG org.asynchttpclient.netty.request.NettyRequestSender - Using open Channel [id: 0x8d79f04c, L:/127.0.0.1:57339 - R:localhost/127.0.0.1:38982] for GET '/session/2c71f9eb5064509c172e342f7b686634/screenshot'
12:54:36.424 [AsyncHttpClient-1-2] DEBUG org.asynchttpclient.netty.handler.HttpHandler - 

Request DefaultFullHttpRequest(decodeResult: success, version: HTTP/1.1, content: EmptyByteBufBE)
GET /session/2c71f9eb5064509c172e342f7b686634/screenshot HTTP/1.1
User-Agent: selenium/4.7.1 (java windows)
Cache-Control: no-cache
Content-Type: application/json; charset=utf-8
host: localhost:38982
accept: */*

Response DefaultHttpResponse(decodeResult: success, version: HTTP/1.1)
HTTP/1.1 200 OK
Content-Type: application/json; charset=utf-8
cache-control: no-cache
content-length: 79692

12:54:36.425 [AsyncHttpClient-1-2] DEBUG org.asynchttpclient.netty.channel.ChannelManager - Adding key: http://localhost:38982 for channel [id: 0x8d79f04c, L:/127.0.0.1:57339 - R:localhost/127.0.0.1:38982]
12:54:36.428 [main] DEBUG net.serenitybdd.core.photography.Darkroom - Send negative for processing for target\site\serenity\8c6f63fcb14352919fcdb8c076bcd1b21379ad33d10ce6571f23fa6472357aea.png
12:54:36.434 [Forwarding getPageSource on session 2c71f9eb5064509c172e342f7b686634 to remote] DEBUG org.asynchttpclient.netty.request.NettyRequestSender - Using pooled Channel '[id: 0x8d79f04c, L:/127.0.0.1:57339 - R:localhost/127.0.0.1:38982]' for 'POST' to 'http://localhost:38982/session/2c71f9eb5064509c172e342f7b686634/execute/sync'
12:54:36.434 [Forwarding getPageSource on session 2c71f9eb5064509c172e342f7b686634 to remote] DEBUG org.asynchttpclient.netty.request.NettyRequestSender - Using open Channel [id: 0x8d79f04c, L:/127.0.0.1:57339 - R:localhost/127.0.0.1:38982] for POST '/session/2c71f9eb5064509c172e342f7b686634/execute/sync'
12:54:36.441 [AsyncHttpClient-1-2] DEBUG org.asynchttpclient.netty.handler.HttpHandler - 

Request DefaultHttpRequest(decodeResult: success, version: HTTP/1.1)
POST /session/2c71f9eb5064509c172e342f7b686634/execute/sync HTTP/1.1
User-Agent: selenium/4.7.1 (java windows)
Content-Length: 176
Content-Type: application/json; charset=utf-8
host: localhost:38982
accept: */*

Response DefaultHttpResponse(decodeResult: success, version: HTTP/1.1)
HTTP/1.1 200 OK
Content-Type: application/json; charset=utf-8
cache-control: no-cache
content-length: 4185

12:54:36.441 [AsyncHttpClient-1-2] DEBUG org.asynchttpclient.netty.channel.ChannelManager - Adding key: http://localhost:38982 for channel [id: 0x8d79f04c, L:/127.0.0.1:57339 - R:localhost/127.0.0.1:38982]
12:54:36.445 [Forwarding getCurrentUrl on session 2c71f9eb5064509c172e342f7b686634 to remote] DEBUG org.asynchttpclient.netty.request.NettyRequestSender - Using pooled Channel '[id: 0x8d79f04c, L:/127.0.0.1:57339 - R:localhost/127.0.0.1:38982]' for 'GET' to 'http://localhost:38982/session/2c71f9eb5064509c172e342f7b686634/url'
12:54:36.445 [Forwarding getCurrentUrl on session 2c71f9eb5064509c172e342f7b686634 to remote] DEBUG org.asynchttpclient.netty.request.NettyRequestSender - Using open Channel [id: 0x8d79f04c, L:/127.0.0.1:57339 - R:localhost/127.0.0.1:38982] for GET '/session/2c71f9eb5064509c172e342f7b686634/url'
12:54:36.448 [AsyncHttpClient-1-2] DEBUG org.asynchttpclient.netty.handler.HttpHandler - 

Request DefaultFullHttpRequest(decodeResult: success, version: HTTP/1.1, content: EmptyByteBufBE)
GET /session/2c71f9eb5064509c172e342f7b686634/url HTTP/1.1
User-Agent: selenium/4.7.1 (java windows)
Cache-Control: no-cache
Content-Type: application/json; charset=utf-8
host: localhost:38982
accept: */*

Response DefaultHttpResponse(decodeResult: success, version: HTTP/1.1)
HTTP/1.1 200 OK
Content-Type: application/json; charset=utf-8
cache-control: no-cache
content-length: 38

12:54:36.449 [AsyncHttpClient-1-2] DEBUG org.asynchttpclient.netty.channel.ChannelManager - Adding key: http://localhost:38982 for channel [id: 0x8d79f04c, L:/127.0.0.1:57339 - R:localhost/127.0.0.1:38982]
12:54:36.454 [Forwarding findElement on session 2c71f9eb5064509c172e342f7b686634 to remote] DEBUG org.asynchttpclient.netty.request.NettyRequestSender - Using pooled Channel '[id: 0x8d79f04c, L:/127.0.0.1:57339 - R:localhost/127.0.0.1:38982]' for 'POST' to 'http://localhost:38982/session/2c71f9eb5064509c172e342f7b686634/element'
12:54:36.454 [Forwarding findElement on session 2c71f9eb5064509c172e342f7b686634 to remote] DEBUG org.asynchttpclient.netty.request.NettyRequestSender - Using open Channel [id: 0x8d79f04c, L:/127.0.0.1:57339 - R:localhost/127.0.0.1:38982] for POST '/session/2c71f9eb5064509c172e342f7b686634/element'
12:54:36.464 [AsyncHttpClient-1-2] DEBUG org.asynchttpclient.netty.handler.HttpHandler - 

Request DefaultHttpRequest(decodeResult: success, version: HTTP/1.1)
POST /session/2c71f9eb5064509c172e342f7b686634/element HTTP/1.1
User-Agent: selenium/4.7.1 (java windows)
Content-Length: 59
Content-Type: application/json; charset=utf-8
host: localhost:38982
accept: */*

Response DefaultHttpResponse(decodeResult: success, version: HTTP/1.1)
HTTP/1.1 200 OK
Content-Type: application/json; charset=utf-8
cache-control: no-cache
content-length: 88

12:54:36.465 [AsyncHttpClient-1-2] DEBUG org.asynchttpclient.netty.channel.ChannelManager - Adding key: http://localhost:38982 for channel [id: 0x8d79f04c, L:/127.0.0.1:57339 - R:localhost/127.0.0.1:38982]
12:54:36.467 [Forwarding clickElement on session 2c71f9eb5064509c172e342f7b686634 to remote] DEBUG org.asynchttpclient.netty.request.NettyRequestSender - Using pooled Channel '[id: 0x8d79f04c, L:/127.0.0.1:57339 - R:localhost/127.0.0.1:38982]' for 'POST' to 'http://localhost:38982/session/2c71f9eb5064509c172e342f7b686634/element/e8eab790-97e9-4581-8169-29fad637c6ec/click'
12:54:36.467 [Forwarding clickElement on session 2c71f9eb5064509c172e342f7b686634 to remote] DEBUG org.asynchttpclient.netty.request.NettyRequestSender - Using open Channel [id: 0x8d79f04c, L:/127.0.0.1:57339 - R:localhost/127.0.0.1:38982] for POST '/session/2c71f9eb5064509c172e342f7b686634/element/e8eab790-97e9-4581-8169-29fad637c6ec/click'
12:54:36.581 [AsyncHttpClient-1-2] DEBUG org.asynchttpclient.netty.handler.HttpHandler - 

Request DefaultHttpRequest(decodeResult: success, version: HTTP/1.1)
POST /session/2c71f9eb5064509c172e342f7b686634/element/e8eab790-97e9-4581-8169-29fad637c6ec/click HTTP/1.1
User-Agent: selenium/4.7.1 (java windows)
Content-Length: 50
Content-Type: application/json; charset=utf-8
host: localhost:38982
accept: */*

Response DefaultHttpResponse(decodeResult: success, version: HTTP/1.1)
HTTP/1.1 200 OK
Content-Type: application/json; charset=utf-8
cache-control: no-cache
content-length: 14

12:54:36.582 [AsyncHttpClient-1-2] DEBUG org.asynchttpclient.netty.channel.ChannelManager - Adding key: http://localhost:38982 for channel [id: 0x8d79f04c, L:/127.0.0.1:57339 - R:localhost/127.0.0.1:38982]
  &amp#27;[32mThen &amp#27;[0m&amp#27;[32mI click on Login&amp#27;[0m                      &amp#27;[90m# Class6BDD.steps.LoginSteps.IClickLoginButton()&amp#27;[0m
12:54:36.610 [Forwarding getCurrentWindowHandle on session 2c71f9eb5064509c172e342f7b686634 to remote] DEBUG org.asynchttpclient.netty.request.NettyRequestSender - Using pooled Channel '[id: 0x8d79f04c, L:/127.0.0.1:57339 - R:localhost/127.0.0.1:38982]' for 'GET' to 'http://localhost:38982/session/2c71f9eb5064509c172e342f7b686634/window'
12:54:36.611 [Forwarding getCurrentWindowHandle on session 2c71f9eb5064509c172e342f7b686634 to remote] DEBUG org.asynchttpclient.netty.request.NettyRequestSender - Using open Channel [id: 0x8d79f04c, L:/127.0.0.1:57339 - R:localhost/127.0.0.1:38982] for GET '/session/2c71f9eb5064509c172e342f7b686634/window'
12:54:36.612 [AsyncHttpClient-1-2] DEBUG org.asynchttpclient.netty.handler.HttpHandler - 

Request DefaultFullHttpRequest(decodeResult: success, version: HTTP/1.1, content: EmptyByteBufBE)
GET /session/2c71f9eb5064509c172e342f7b686634/window HTTP/1.1
User-Agent: selenium/4.7.1 (java windows)
Cache-Control: no-cache
Content-Type: application/json; charset=utf-8
host: localhost:38982
accept: */*

Response DefaultHttpResponse(decodeResult: success, version: HTTP/1.1)
HTTP/1.1 200 OK
Content-Type: application/json; charset=utf-8
cache-control: no-cache
content-length: 53

12:54:36.613 [AsyncHttpClient-1-2] DEBUG org.asynchttpclient.netty.channel.ChannelManager - Adding key: http://localhost:38982 for channel [id: 0x8d79f04c, L:/127.0.0.1:57339 - R:localhost/127.0.0.1:38982]
12:54:36.616 [Forwarding getAlertText on session 2c71f9eb5064509c172e342f7b686634 to remote] DEBUG org.asynchttpclient.netty.request.NettyRequestSender - Using pooled Channel '[id: 0x8d79f04c, L:/127.0.0.1:57339 - R:localhost/127.0.0.1:38982]' for 'GET' to 'http://localhost:38982/session/2c71f9eb5064509c172e342f7b686634/alert/text'
12:54:36.616 [Forwarding getAlertText on session 2c71f9eb5064509c172e342f7b686634 to remote] DEBUG org.asynchttpclient.netty.request.NettyRequestSender - Using open Channel [id: 0x8d79f04c, L:/127.0.0.1:57339 - R:localhost/127.0.0.1:38982] for GET '/session/2c71f9eb5064509c172e342f7b686634/alert/text'
12:54:36.618 [AsyncHttpClient-1-2] DEBUG org.asynchttpclient.netty.handler.HttpHandler - 

Request DefaultFullHttpRequest(decodeResult: success, version: HTTP/1.1, content: EmptyByteBufBE)
GET /session/2c71f9eb5064509c172e342f7b686634/alert/text HTTP/1.1
User-Agent: selenium/4.7.1 (java windows)
Cache-Control: no-cache
Content-Type: application/json; charset=utf-8
host: localhost:38982
accept: */*

Response DefaultHttpResponse(decodeResult: success, version: HTTP/1.1)
HTTP/1.1 404 Not Found
Content-Type: application/json; charset=utf-8
cache-control: no-cache
content-length: 834

12:54:36.618 [AsyncHttpClient-1-2] DEBUG org.asynchttpclient.netty.channel.ChannelManager - Adding key: http://localhost:38982 for channel [id: 0x8d79f04c, L:/127.0.0.1:57339 - R:localhost/127.0.0.1:38982]
12:54:36.622 [Forwarding switchToWindow on session 2c71f9eb5064509c172e342f7b686634 to remote] DEBUG org.asynchttpclient.netty.request.NettyRequestSender - Using pooled Channel '[id: 0x8d79f04c, L:/127.0.0.1:57339 - R:localhost/127.0.0.1:38982]' for 'POST' to 'http://localhost:38982/session/2c71f9eb5064509c172e342f7b686634/window'
12:54:36.622 [Forwarding switchToWindow on session 2c71f9eb5064509c172e342f7b686634 to remote] DEBUG org.asynchttpclient.netty.request.NettyRequestSender - Using open Channel [id: 0x8d79f04c, L:/127.0.0.1:57339 - R:localhost/127.0.0.1:38982] for POST '/session/2c71f9eb5064509c172e342f7b686634/window'
12:54:36.626 [AsyncHttpClient-1-2] DEBUG org.asynchttpclient.netty.handler.HttpHandler - 

Request DefaultHttpRequest(decodeResult: success, version: HTTP/1.1)
POST /session/2c71f9eb5064509c172e342f7b686634/window HTTP/1.1
User-Agent: selenium/4.7.1 (java windows)
Content-Length: 59
Content-Type: application/json; charset=utf-8
host: localhost:38982
accept: */*

Response DefaultHttpResponse(decodeResult: success, version: HTTP/1.1)
HTTP/1.1 200 OK
Content-Type: application/json; charset=utf-8
cache-control: no-cache
content-length: 14

12:54:36.626 [AsyncHttpClient-1-2] DEBUG org.asynchttpclient.netty.channel.ChannelManager - Adding key: http://localhost:38982 for channel [id: 0x8d79f04c, L:/127.0.0.1:57339 - R:localhost/127.0.0.1:38982]
12:54:36.627 [Forwarding getCurrentUrl on session 2c71f9eb5064509c172e342f7b686634 to remote] DEBUG org.asynchttpclient.netty.request.NettyRequestSender - Using pooled Channel '[id: 0x8d79f04c, L:/127.0.0.1:57339 - R:localhost/127.0.0.1:38982]' for 'GET' to 'http://localhost:38982/session/2c71f9eb5064509c172e342f7b686634/url'
12:54:36.627 [Forwarding getCurrentUrl on session 2c71f9eb5064509c172e342f7b686634 to remote] DEBUG org.asynchttpclient.netty.request.NettyRequestSender - Using open Channel [id: 0x8d79f04c, L:/127.0.0.1:57339 - R:localhost/127.0.0.1:38982] for GET '/session/2c71f9eb5064509c172e342f7b686634/url'
12:54:36.631 [AsyncHttpClient-1-2] DEBUG org.asynchttpclient.netty.handler.HttpHandler - 

Request DefaultFullHttpRequest(decodeResult: success, version: HTTP/1.1, content: EmptyByteBufBE)
GET /session/2c71f9eb5064509c172e342f7b686634/url HTTP/1.1
User-Agent: selenium/4.7.1 (java windows)
Cache-Control: no-cache
Content-Type: application/json; charset=utf-8
host: localhost:38982
accept: */*

Response DefaultHttpResponse(decodeResult: success, version: HTTP/1.1)
HTTP/1.1 200 OK
Content-Type: application/json; charset=utf-8
cache-control: no-cache
content-length: 52

12:54:36.632 [AsyncHttpClient-1-2] DEBUG org.asynchttpclient.netty.channel.ChannelManager - Adding key: http://localhost:38982 for channel [id: 0x8d79f04c, L:/127.0.0.1:57339 - R:localhost/127.0.0.1:38982]
12:54:36.632 [Forwarding screenshot on session 2c71f9eb5064509c172e342f7b686634 to remote] DEBUG org.asynchttpclient.netty.request.NettyRequestSender - Using pooled Channel '[id: 0x8d79f04c, L:/127.0.0.1:57339 - R:localhost/127.0.0.1:38982]' for 'GET' to 'http://localhost:38982/session/2c71f9eb5064509c172e342f7b686634/screenshot'
12:54:36.632 [Forwarding screenshot on session 2c71f9eb5064509c172e342f7b686634 to remote] DEBUG org.asynchttpclient.netty.request.NettyRequestSender - Using open Channel [id: 0x8d79f04c, L:/127.0.0.1:57339 - R:localhost/127.0.0.1:38982] for GET '/session/2c71f9eb5064509c172e342f7b686634/screenshot'
12:54:37.018 [AsyncHttpClient-1-2] DEBUG org.asynchttpclient.netty.handler.HttpHandler - 

Request DefaultFullHttpRequest(decodeResult: success, version: HTTP/1.1, content: EmptyByteBufBE)
GET /session/2c71f9eb5064509c172e342f7b686634/screenshot HTTP/1.1
User-Agent: selenium/4.7.1 (java windows)
Cache-Control: no-cache
Content-Type: application/json; charset=utf-8
host: localhost:38982
accept: */*

Response DefaultHttpResponse(decodeResult: success, version: HTTP/1.1)
HTTP/1.1 200 OK
Content-Type: application/json; charset=utf-8
cache-control: no-cache
content-length: 864432

12:54:37.022 [AsyncHttpClient-1-2] DEBUG org.asynchttpclient.netty.channel.ChannelManager - Adding key: http://localhost:38982 for channel [id: 0x8d79f04c, L:/127.0.0.1:57339 - R:localhost/127.0.0.1:38982]
12:54:37.041 [main] DEBUG net.serenitybdd.core.photography.Darkroom - Send negative for processing for target\site\serenity\6c97ac4a99088a602f07984e966d0ef82e4e8c88bd79fe2d507860854f688f2b.png
12:54:37.047 [Forwarding getPageSource on session 2c71f9eb5064509c172e342f7b686634 to remote] DEBUG org.asynchttpclient.netty.request.NettyRequestSender - Using pooled Channel '[id: 0x8d79f04c, L:/127.0.0.1:57339 - R:localhost/127.0.0.1:38982]' for 'POST' to 'http://localhost:38982/session/2c71f9eb5064509c172e342f7b686634/execute/sync'
12:54:37.047 [Forwarding getPageSource on session 2c71f9eb5064509c172e342f7b686634 to remote] DEBUG org.asynchttpclient.netty.request.NettyRequestSender - Using open Channel [id: 0x8d79f04c, L:/127.0.0.1:57339 - R:localhost/127.0.0.1:38982] for POST '/session/2c71f9eb5064509c172e342f7b686634/execute/sync'
12:54:37.051 [AsyncHttpClient-1-2] DEBUG org.asynchttpclient.netty.handler.HttpHandler - 

Request DefaultHttpRequest(decodeResult: success, version: HTTP/1.1)
POST /session/2c71f9eb5064509c172e342f7b686634/execute/sync HTTP/1.1
User-Agent: selenium/4.7.1 (java windows)
Content-Length: 176
Content-Type: application/json; charset=utf-8
host: localhost:38982
accept: */*

Response DefaultHttpResponse(decodeResult: success, version: HTTP/1.1)
HTTP/1.1 200 OK
Content-Type: application/json; charset=utf-8
cache-control: no-cache
content-length: 15254

12:54:37.051 [AsyncHttpClient-1-2] DEBUG org.asynchttpclient.netty.channel.ChannelManager - Adding key: http://localhost:38982 for channel [id: 0x8d79f04c, L:/127.0.0.1:57339 - R:localhost/127.0.0.1:38982]
12:54:37.058 [Forwarding getCurrentUrl on session 2c71f9eb5064509c172e342f7b686634 to remote] DEBUG org.asynchttpclient.netty.request.NettyRequestSender - Using pooled Channel '[id: 0x8d79f04c, L:/127.0.0.1:57339 - R:localhost/127.0.0.1:38982]' for 'GET' to 'http://localhost:38982/session/2c71f9eb5064509c172e342f7b686634/url'
12:54:37.058 [Forwarding getCurrentUrl on session 2c71f9eb5064509c172e342f7b686634 to remote] DEBUG org.asynchttpclient.netty.request.NettyRequestSender - Using open Channel [id: 0x8d79f04c, L:/127.0.0.1:57339 - R:localhost/127.0.0.1:38982] for GET '/session/2c71f9eb5064509c172e342f7b686634/url'
12:54:37.062 [AsyncHttpClient-1-2] DEBUG org.asynchttpclient.netty.handler.HttpHandler - 

Request DefaultFullHttpRequest(decodeResult: success, version: HTTP/1.1, content: EmptyByteBufBE)
GET /session/2c71f9eb5064509c172e342f7b686634/url HTTP/1.1
User-Agent: selenium/4.7.1 (java windows)
Cache-Control: no-cache
Content-Type: application/json; charset=utf-8
host: localhost:38982
accept: */*

Response DefaultHttpResponse(decodeResult: success, version: HTTP/1.1)
HTTP/1.1 200 OK
Content-Type: application/json; charset=utf-8
cache-control: no-cache
content-length: 52

12:54:37.062 [AsyncHttpClient-1-2] DEBUG org.asynchttpclient.netty.channel.ChannelManager - Adding key: http://localhost:38982 for channel [id: 0x8d79f04c, L:/127.0.0.1:57339 - R:localhost/127.0.0.1:38982]
12:54:37.164 [AsyncHttpClient-1-1] DEBUG org.asynchttpclient.netty.channel.DefaultChannelPool - Entry count for : http://localhost:38982 : 1
12:54:37.164 [AsyncHttpClient-1-1] DEBUG org.asynchttpclient.netty.channel.DefaultChannelPool - Entry count for : http://localhost:57340 : 1
12:54:38.260 [AsyncHttpClient-1-1] DEBUG org.asynchttpclient.netty.channel.DefaultChannelPool - Entry count for : http://localhost:38982 : 1
12:54:38.260 [AsyncHttpClient-1-1] DEBUG org.asynchttpclient.netty.channel.DefaultChannelPool - Entry count for : http://localhost:57340 : 1
12:54:39.361 [AsyncHttpClient-1-1] DEBUG org.asynchttpclient.netty.channel.DefaultChannelPool - Entry count for : http://localhost:38982 : 1
12:54:39.361 [AsyncHttpClient-1-1] DEBUG org.asynchttpclient.netty.channel.DefaultChannelPool - Entry count for : http://localhost:57340 : 1
12:54:40.466 [AsyncHttpClient-1-1] DEBUG org.asynchttpclient.netty.channel.DefaultChannelPool - Entry count for : http://localhost:38982 : 1
12:54:40.466 [AsyncHttpClient-1-1] DEBUG org.asynchttpclient.netty.channel.DefaultChannelPool - Entry count for : http://localhost:57340 : 1
12:54:41.561 [AsyncHttpClient-1-1] DEBUG org.asynchttpclient.netty.channel.DefaultChannelPool - Entry count for : http://localhost:38982 : 1
12:54:41.561 [AsyncHttpClient-1-1] DEBUG org.asynchttpclient.netty.channel.DefaultChannelPool - Entry count for : http://localhost:57340 : 1
  &amp#27;[32mThen &amp#27;[0m&amp#27;[32mJust wait &amp#27;[0m&amp#27;[32m&amp#27;[1m5000&amp#27;[0m                        &amp#27;[90m# Class6BDD.steps.CommonSteps.justWait(int)&amp#27;[0m
12:54:42.078 [Forwarding getCurrentWindowHandle on session 2c71f9eb5064509c172e342f7b686634 to remote] DEBUG org.asynchttpclient.netty.request.NettyRequestSender - Using pooled Channel '[id: 0x8d79f04c, L:/127.0.0.1:57339 - R:localhost/127.0.0.1:38982]' for 'GET' to 'http://localhost:38982/session/2c71f9eb5064509c172e342f7b686634/window'
12:54:42.078 [Forwarding getCurrentWindowHandle on session 2c71f9eb5064509c172e342f7b686634 to remote] DEBUG org.asynchttpclient.netty.request.NettyRequestSender - Using open Channel [id: 0x8d79f04c, L:/127.0.0.1:57339 - R:localhost/127.0.0.1:38982] for GET '/session/2c71f9eb5064509c172e342f7b686634/window'
12:54:42.080 [AsyncHttpClient-1-2] DEBUG org.asynchttpclient.netty.handler.HttpHandler - 

Request DefaultFullHttpRequest(decodeResult: success, version: HTTP/1.1, content: EmptyByteBufBE)
GET /session/2c71f9eb5064509c172e342f7b686634/window HTTP/1.1
User-Agent: selenium/4.7.1 (java windows)
Cache-Control: no-cache
Content-Type: application/json; charset=utf-8
host: localhost:38982
accept: */*

Response DefaultHttpResponse(decodeResult: success, version: HTTP/1.1)
HTTP/1.1 200 OK
Content-Type: application/json; charset=utf-8
cache-control: no-cache
content-length: 53

12:54:42.080 [AsyncHttpClient-1-2] DEBUG org.asynchttpclient.netty.channel.ChannelManager - Adding key: http://localhost:38982 for channel [id: 0x8d79f04c, L:/127.0.0.1:57339 - R:localhost/127.0.0.1:38982]
12:54:42.081 [Forwarding getAlertText on session 2c71f9eb5064509c172e342f7b686634 to remote] DEBUG org.asynchttpclient.netty.request.NettyRequestSender - Using pooled Channel '[id: 0x8d79f04c, L:/127.0.0.1:57339 - R:localhost/127.0.0.1:38982]' for 'GET' to 'http://localhost:38982/session/2c71f9eb5064509c172e342f7b686634/alert/text'
12:54:42.081 [Forwarding getAlertText on session 2c71f9eb5064509c172e342f7b686634 to remote] DEBUG org.asynchttpclient.netty.request.NettyRequestSender - Using open Channel [id: 0x8d79f04c, L:/127.0.0.1:57339 - R:localhost/127.0.0.1:38982] for GET '/session/2c71f9eb5064509c172e342f7b686634/alert/text'
12:54:42.083 [AsyncHttpClient-1-2] DEBUG org.asynchttpclient.netty.handler.HttpHandler - 

Request DefaultFullHttpRequest(decodeResult: success, version: HTTP/1.1, content: EmptyByteBufBE)
[...]
12:54:55.667 [Forwarding getCurrentUrl on session 97ff30cfcdf25141abd39fdc9e0b75ec to remote] DEBUG org.asynchttpclient.netty.request.NettyRequestSender - Using pooled Channel '[id: 0xa0156e3b, L:/127.0.0.1:57371 - R:localhost/127.0.0.1:44111]' for 'GET' to 'http://localhost:44111/session/97ff30cfcdf25141abd39fdc9e0b75ec/url'
12:54:55.667 [Forwarding getCurrentUrl on session 97ff30cfcdf25141abd39fdc9e0b75ec to remote] DEBUG org.asynchttpclient.netty.request.NettyRequestSender - Using open Channel [id: 0xa0156e3b, L:/127.0.0.1:57371 - R:localhost/127.0.0.1:44111] for GET '/session/97ff30cfcdf25141abd39fdc9e0b75ec/url'
12:54:55.670 [AsyncHttpClient-1-8] DEBUG org.asynchttpclient.netty.handler.HttpHandler - 

Request DefaultFullHttpRequest(decodeResult: success, version: HTTP/1.1, content: EmptyByteBufBE)
GET /session/97ff30cfcdf25141abd39fdc9e0b75ec/url HTTP/1.1
User-Agent: selenium/4.7.1 (java windows)
Cache-Control: no-cache
Content-Type: application/json; charset=utf-8
host: localhost:44111
accept: */*

Response DefaultHttpResponse(decodeResult: success, version: HTTP/1.1)
HTTP/1.1 200 OK
Content-Type: application/json; charset=utf-8
cache-control: no-cache
content-length: 47

12:54:55.670 [AsyncHttpClient-1-8] DEBUG org.asynchttpclient.netty.channel.ChannelManager - Adding key: http://localhost:44111 for channel [id: 0xa0156e3b, L:/127.0.0.1:57371 - R:localhost/127.0.0.1:44111]
12:54:55.670 [Forwarding screenshot on session 97ff30cfcdf25141abd39fdc9e0b75ec to remote] DEBUG org.asynchttpclient.netty.request.NettyRequestSender - Using pooled Channel '[id: 0xa0156e3b, L:/127.0.0.1:57371 - R:localhost/127.0.0.1:44111]' for 'GET' to 'http://localhost:44111/session/97ff30cfcdf25141abd39fdc9e0b75ec/screenshot'
12:54:55.670 [Forwarding screenshot on session 97ff30cfcdf25141abd39fdc9e0b75ec to remote] DEBUG org.asynchttpclient.netty.request.NettyRequestSender - Using open Channel [id: 0xa0156e3b, L:/127.0.0.1:57371 - R:localhost/127.0.0.1:44111] for GET '/session/97ff30cfcdf25141abd39fdc9e0b75ec/screenshot'
12:54:55.801 [AsyncHttpClient-1-8] DEBUG org.asynchttpclient.netty.handler.HttpHandler - 

Request DefaultFullHttpRequest(decodeResult: success, version: HTTP/1.1, content: EmptyByteBufBE)
GET /session/97ff30cfcdf25141abd39fdc9e0b75ec/screenshot HTTP/1.1
User-Agent: selenium/4.7.1 (java windows)
Cache-Control: no-cache
Content-Type: application/json; charset=utf-8
host: localhost:44111
accept: */*

Response DefaultHttpResponse(decodeResult: success, version: HTTP/1.1)
HTTP/1.1 200 OK
Content-Type: application/json; charset=utf-8
cache-control: no-cache
content-length: 121792

12:54:55.802 [AsyncHttpClient-1-8] DEBUG org.asynchttpclient.netty.channel.ChannelManager - Adding key: http://localhost:44111 for channel [id: 0xa0156e3b, L:/127.0.0.1:57371 - R:localhost/127.0.0.1:44111]
12:54:55.805 [main] DEBUG net.serenitybdd.core.photography.Darkroom - Send negative for processing for target\site\serenity\a0a234126478c172259d6dd85c4fd604aee9323dec203af1583792e73d9ccba9.png
12:54:55.808 [Forwarding getPageSource on session 97ff30cfcdf25141abd39fdc9e0b75ec to remote] DEBUG org.asynchttpclient.netty.request.NettyRequestSender - Using pooled Channel '[id: 0xa0156e3b, L:/127.0.0.1:57371 - R:localhost/127.0.0.1:44111]' for 'POST' to 'http://localhost:44111/session/97ff30cfcdf25141abd39fdc9e0b75ec/execute/sync'
12:54:55.808 [Forwarding getPageSource on session 97ff30cfcdf25141abd39fdc9e0b75ec to remote] DEBUG org.asynchttpclient.netty.request.NettyRequestSender - Using open Channel [id: 0xa0156e3b, L:/127.0.0.1:57371 - R:localhost/127.0.0.1:44111] for POST '/session/97ff30cfcdf25141abd39fdc9e0b75ec/execute/sync'
12:54:55.813 [AsyncHttpClient-1-8] DEBUG org.asynchttpclient.netty.handler.HttpHandler - 

Request DefaultHttpRequest(decodeResult: success, version: HTTP/1.1)
POST /session/97ff30cfcdf25141abd39fdc9e0b75ec/execute/sync HTTP/1.1
User-Agent: selenium/4.7.1 (java windows)
Content-Length: 176
Content-Type: application/json; charset=utf-8
host: localhost:44111
accept: */*

Response DefaultHttpResponse(decodeResult: success, version: HTTP/1.1)
HTTP/1.1 200 OK
Content-Type: application/json; charset=utf-8
cache-control: no-cache
content-length: 10121

12:54:55.813 [AsyncHttpClient-1-8] DEBUG org.asynchttpclient.netty.channel.ChannelManager - Adding key: http://localhost:44111 for channel [id: 0xa0156e3b, L:/127.0.0.1:57371 - R:localhost/127.0.0.1:44111]
12:54:55.815 [Forwarding getCurrentUrl on session 97ff30cfcdf25141abd39fdc9e0b75ec to remote] DEBUG org.asynchttpclient.netty.request.NettyRequestSender - Using pooled Channel '[id: 0xa0156e3b, L:/127.0.0.1:57371 - R:localhost/127.0.0.1:44111]' for 'GET' to 'http://localhost:44111/session/97ff30cfcdf25141abd39fdc9e0b75ec/url'
12:54:55.815 [Forwarding getCurrentUrl on session 97ff30cfcdf25141abd39fdc9e0b75ec to remote] DEBUG org.asynchttpclient.netty.request.NettyRequestSender - Using open Channel [id: 0xa0156e3b, L:/127.0.0.1:57371 - R:localhost/127.0.0.1:44111] for GET '/session/97ff30cfcdf25141abd39fdc9e0b75ec/url'
12:54:55.818 [AsyncHttpClient-1-8] DEBUG org.asynchttpclient.netty.handler.HttpHandler - 

Request DefaultFullHttpRequest(decodeResult: success, version: HTTP/1.1, content: EmptyByteBufBE)
GET /session/97ff30cfcdf25141abd39fdc9e0b75ec/url HTTP/1.1
User-Agent: selenium/4.7.1 (java windows)
Cache-Control: no-cache
Content-Type: application/json; charset=utf-8
host: localhost:44111
accept: */*

Response DefaultHttpResponse(decodeResult: success, version: HTTP/1.1)
HTTP/1.1 200 OK
Content-Type: application/json; charset=utf-8
cache-control: no-cache
content-length: 47

12:54:55.818 [AsyncHttpClient-1-8] DEBUG org.asynchttpclient.netty.channel.ChannelManager - Adding key: http://localhost:44111 for channel [id: 0xa0156e3b, L:/127.0.0.1:57371 - R:localhost/127.0.0.1:44111]
12:54:55.864 [AsyncHttpClient-1-1] DEBUG org.asynchttpclient.netty.channel.DefaultChannelPool - Entry count for : http://localhost:57372 : 1
12:54:55.864 [AsyncHttpClient-1-1] DEBUG org.asynchttpclient.netty.channel.DefaultChannelPool - Entry count for : http://localhost:44111 : 1
12:54:56.961 [AsyncHttpClient-1-1] DEBUG org.asynchttpclient.netty.channel.DefaultChannelPool - Entry count for : http://localhost:57372 : 1
12:54:56.961 [AsyncHttpClient-1-1] DEBUG org.asynchttpclient.netty.channel.DefaultChannelPool - Entry count for : http://localhost:44111 : 1
12:54:58.061 [AsyncHttpClient-1-1] DEBUG org.asynchttpclient.netty.channel.DefaultChannelPool - Entry count for : http://localhost:57372 : 1
12:54:58.061 [AsyncHttpClient-1-1] DEBUG org.asynchttpclient.netty.channel.DefaultChannelPool - Entry count for : http://localhost:44111 : 1
12:54:59.161 [AsyncHttpClient-1-1] DEBUG org.asynchttpclient.netty.channel.DefaultChannelPool - Entry count for : http://localhost:57372 : 1
12:54:59.161 [AsyncHttpClient-1-1] DEBUG org.asynchttpclient.netty.channel.DefaultChannelPool - Entry count for : http://localhost:44111 : 1
12:55:00.261 [AsyncHttpClient-1-1] DEBUG org.asynchttpclient.netty.channel.DefaultChannelPool - Entry count for : http://localhost:57372 : 1
12:55:00.261 [AsyncHttpClient-1-1] DEBUG org.asynchttpclient.netty.channel.DefaultChannelPool - Entry count for : http://localhost:44111 : 1
  &amp#27;[32mThen &amp#27;[0m&amp#27;[32mJust wait &amp#27;[0m&amp#27;[32m&amp#27;[1m5000&amp#27;[0m                                 &amp#27;[90m# Class6BDD.steps.CommonSteps.justWait(int)&amp#27;[0m
12:55:00.832 [Forwarding getCurrentWindowHandle on session 97ff30cfcdf25141abd39fdc9e0b75ec to remote] DEBUG org.asynchttpclient.netty.request.NettyRequestSender - Using pooled Channel '[id: 0xa0156e3b, L:/127.0.0.1:57371 - R:localhost/127.0.0.1:44111]' for 'GET' to 'http://localhost:44111/session/97ff30cfcdf25141abd39fdc9e0b75ec/window'
12:55:00.832 [Forwarding getCurrentWindowHandle on session 97ff30cfcdf25141abd39fdc9e0b75ec to remote] DEBUG org.asynchttpclient.netty.request.NettyRequestSender - Using open Channel [id: 0xa0156e3b, L:/127.0.0.1:57371 - R:localhost/127.0.0.1:44111] for GET '/session/97ff30cfcdf25141abd39fdc9e0b75ec/window'
12:55:00.833 [AsyncHttpClient-1-8] DEBUG org.asynchttpclient.netty.handler.HttpHandler - 

Request DefaultFullHttpRequest(decodeResult: success, version: HTTP/1.1, content: EmptyByteBufBE)
GET /session/97ff30cfcdf25141abd39fdc9e0b75ec/window HTTP/1.1
User-Agent: selenium/4.7.1 (java windows)
Cache-Control: no-cache
Content-Type: application/json; charset=utf-8
host: localhost:44111
accept: */*

Response DefaultHttpResponse(decodeResult: success, version: HTTP/1.1)
HTTP/1.1 200 OK
Content-Type: application/json; charset=utf-8
cache-control: no-cache
content-length: 53

12:55:00.833 [AsyncHttpClient-1-8] DEBUG org.asynchttpclient.netty.channel.ChannelManager - Adding key: http://localhost:44111 for channel [id: 0xa0156e3b, L:/127.0.0.1:57371 - R:localhost/127.0.0.1:44111]
12:55:00.834 [Forwarding getAlertText on session 97ff30cfcdf25141abd39fdc9e0b75ec to remote] DEBUG org.asynchttpclient.netty.request.NettyRequestSender - Using pooled Channel '[id: 0xa0156e3b, L:/127.0.0.1:57371 - R:localhost/127.0.0.1:44111]' for 'GET' to 'http://localhost:44111/session/97ff30cfcdf25141abd39fdc9e0b75ec/alert/text'
12:55:00.834 [Forwarding getAlertText on session 97ff30cfcdf25141abd39fdc9e0b75ec to remote] DEBUG org.asynchttpclient.netty.request.NettyRequestSender - Using open Channel [id: 0xa0156e3b, L:/127.0.0.1:57371 - R:localhost/127.0.0.1:44111] for GET '/session/97ff30cfcdf25141abd39fdc9e0b75ec/alert/text'
12:55:00.836 [AsyncHttpClient-1-8] DEBUG org.asynchttpclient.netty.handler.HttpHandler - 

Request DefaultFullHttpRequest(decodeResult: success, version: HTTP/1.1, content: EmptyByteBufBE)
GET /session/97ff30cfcdf25141abd39fdc9e0b75ec/alert/text HTTP/1.1
User-Agent: selenium/4.7.1 (java windows)
Cache-Control: no-cache
Content-Type: application/json; charset=utf-8
host: localhost:44111
accept: */*

Response DefaultHttpResponse(decodeResult: success, version: HTTP/1.1)
HTTP/1.1 404 Not Found
Content-Type: application/json; charset=utf-8
cache-control: no-cache
content-length: 834

12:55:00.836 [AsyncHttpClient-1-8] DEBUG org.asynchttpclient.netty.channel.ChannelManager - Adding key: http://localhost:44111 for channel [id: 0xa0156e3b, L:/127.0.0.1:57371 - R:localhost/127.0.0.1:44111]
12:55:00.837 [Forwarding switchToWindow on session 97ff30cfcdf25141abd39fdc9e0b75ec to remote] DEBUG org.asynchttpclient.netty.request.NettyRequestSender - Using pooled Channel '[id: 0xa0156e3b, L:/127.0.0.1:57371 - R:localhost/127.0.0.1:44111]' for 'POST' to 'http://localhost:44111/session/97ff30cfcdf25141abd39fdc9e0b75ec/window'
12:55:00.837 [Forwarding switchToWindow on session 97ff30cfcdf25141abd39fdc9e0b75ec to remote] DEBUG org.asynchttpclient.netty.request.NettyRequestSender - Using open Channel [id: 0xa0156e3b, L:/127.0.0.1:57371 - R:localhost/127.0.0.1:44111] for POST '/session/97ff30cfcdf25141abd39fdc9e0b75ec/window'
12:55:00.839 [AsyncHttpClient-1-8] DEBUG org.asynchttpclient.netty.handler.HttpHandler - 

Request DefaultHttpRequest(decodeResult: success, version: HTTP/1.1)
POST /session/97ff30cfcdf25141abd39fdc9e0b75ec/window HTTP/1.1
User-Agent: selenium/4.7.1 (java windows)
Content-Length: 59
Content-Type: application/json; charset=utf-8
host: localhost:44111
accept: */*

Response DefaultHttpResponse(decodeResult: success, version: HTTP/1.1)
HTTP/1.1 200 OK
Content-Type: application/json; charset=utf-8
cache-control: no-cache
content-length: 14

12:55:00.839 [AsyncHttpClient-1-8] DEBUG org.asynchttpclient.netty.channel.ChannelManager - Adding key: http://localhost:44111 for channel [id: 0xa0156e3b, L:/127.0.0.1:57371 - R:localhost/127.0.0.1:44111]
12:55:00.840 [Forwarding getCurrentUrl on session 97ff30cfcdf25141abd39fdc9e0b75ec to remote] DEBUG org.asynchttpclient.netty.request.NettyRequestSender - Using pooled Channel '[id: 0xa0156e3b, L:/127.0.0.1:57371 - R:localhost/127.0.0.1:44111]' for 'GET' to 'http://localhost:44111/session/97ff30cfcdf25141abd39fdc9e0b75ec/url'
12:55:00.840 [Forwarding getCurrentUrl on session 97ff30cfcdf25141abd39fdc9e0b75ec to remote] DEBUG org.asynchttpclient.netty.request.NettyRequestSender - Using open Channel [id: 0xa0156e3b, L:/127.0.0.1:57371 - R:localhost/127.0.0.1:44111] for GET '/session/97ff30cfcdf25141abd39fdc9e0b75ec/url'
12:55:00.843 [AsyncHttpClient-1-8] DEBUG org.asynchttpclient.netty.handler.HttpHandler - 

Request DefaultFullHttpRequest(decodeResult: success, version: HTTP/1.1, content: EmptyByteBufBE)
GET /session/97ff30cfcdf25141abd39fdc9e0b75ec/url HTTP/1.1
User-Agent: selenium/4.7.1 (java windows)
Cache-Control: no-cache
Content-Type: application/json; charset=utf-8
host: localhost:44111
accept: */*

Response DefaultHttpResponse(decodeResult: success, version: HTTP/1.1)
HTTP/1.1 200 OK
Content-Type: application/json; charset=utf-8
cache-control: no-cache
content-length: 47

12:55:00.843 [AsyncHttpClient-1-8] DEBUG org.asynchttpclient.netty.channel.ChannelManager - Adding key: http://localhost:44111 for channel [id: 0xa0156e3b, L:/127.0.0.1:57371 - R:localhost/127.0.0.1:44111]
12:55:00.843 [Forwarding screenshot on session 97ff30cfcdf25141abd39fdc9e0b75ec to remote] DEBUG org.asynchttpclient.netty.request.NettyRequestSender - Using pooled Channel '[id: 0xa0156e3b, L:/127.0.0.1:57371 - R:localhost/127.0.0.1:44111]' for 'GET' to 'http://localhost:44111/session/97ff30cfcdf25141abd39fdc9e0b75ec/screenshot'
12:55:00.843 [Forwarding screenshot on session 97ff30cfcdf25141abd39fdc9e0b75ec to remote] DEBUG org.asynchttpclient.netty.request.NettyRequestSender - Using open Channel [id: 0xa0156e3b, L:/127.0.0.1:57371 - R:localhost/127.0.0.1:44111] for GET '/session/97ff30cfcdf25141abd39fdc9e0b75ec/screenshot'
12:55:00.961 [AsyncHttpClient-1-8] DEBUG org.asynchttpclient.netty.handler.HttpHandler - 

Request DefaultFullHttpRequest(decodeResult: success, version: HTTP/1.1, content: EmptyByteBufBE)
GET /session/97ff30cfcdf25141abd39fdc9e0b75ec/screenshot HTTP/1.1
User-Agent: selenium/4.7.1 (java windows)
Cache-Control: no-cache
Content-Type: application/json; charset=utf-8
host: localhost:44111
accept: */*

Response DefaultHttpResponse(decodeResult: success, version: HTTP/1.1)
HTTP/1.1 200 OK
Content-Type: application/json; charset=utf-8
cache-control: no-cache
content-length: 121792

12:55:00.962 [AsyncHttpClient-1-8] DEBUG org.asynchttpclient.netty.channel.ChannelManager - Adding key: http://localhost:44111 for channel [id: 0xa0156e3b, L:/127.0.0.1:57371 - R:localhost/127.0.0.1:44111]
12:55:00.964 [main] DEBUG net.serenitybdd.core.photography.Darkroom - Send negative for processing for target\site\serenity\a0a234126478c172259d6dd85c4fd604aee9323dec203af1583792e73d9ccba9.png
12:55:00.965 [main] INFO  - 
  _____   ___   ___   _____     ___     _     ___   ___   ___   ___  
 |_   _| | __| / __| |_   _|   | _ \   /_\   / __| / __| | __| |   \ 
   | |   | _|  \__ \   | |     |  _/  / _ \  \__ \ \__ \ | _|  | |) |
   |_|   |___| |___/   |_|     |_|   /_/ \_\ |___/ |___/ |___| |___/ 

Cart Scenario
----------------------------------------------------------------------
12:55:00.966 [AsyncHttpClient-1-10] DEBUG org.asynchttpclient.netty.handler.WebSocketHandler - Channel Closed: [id: 0x5d7a1314, L:/127.0.0.1:57378 ! R:localhost/127.0.0.1:57372] with attribute NettyResponseFuture{currentRetry=0,
	isDone=1,
	isCancelled=0,
	asyncHandler=org.asynchttpclient.ws.WebSocketUpgradeHandler@602fa243,
	nettyRequest=org.asynchttpclient.netty.request.NettyRequest@252d3022,
	future=java.util.concurrent.CompletableFuture@7167ebe5[Completed normally],
	uri=ws://localhost:57372/devtools/browser/62f998ea-044b-43c3-ba72-d11b19392cb4,
	keepAlive=true,
	redirectCount=0,
	timeoutsHolder=null,
	inAuth=0,
	touch=1677185691607}
12:55:00.966 [AsyncHttpClient-1-10] DEBUG org.asynchttpclient.netty.channel.ChannelManager - Closing Channel [id: 0x5d7a1314, L:/127.0.0.1:57378 ! R:localhost/127.0.0.1:57372] 
12:55:00.966 [Driver Command Executor] DEBUG org.asynchttpclient.netty.request.NettyRequestSender - Using pooled Channel '[id: 0xa0156e3b, L:/127.0.0.1:57371 - R:localhost/127.0.0.1:44111]' for 'DELETE' to 'http://localhost:44111/session/97ff30cfcdf25141abd39fdc9e0b75ec'
12:55:00.966 [Driver Command Executor] DEBUG org.asynchttpclient.netty.request.NettyRequestSender - Using open Channel [id: 0xa0156e3b, L:/127.0.0.1:57371 - R:localhost/127.0.0.1:44111] for DELETE '/session/97ff30cfcdf25141abd39fdc9e0b75ec'
12:55:00.988 [AsyncHttpClient-1-9] DEBUG org.asynchttpclient.netty.handler.HttpHandler - Unexpected I/O exception on channel [id: 0x6c6f3bd6, L:/127.0.0.1:57377 - R:localhost/127.0.0.1:57372]
java.net.SocketException: Connection reset
	at java.base/sun.nio.ch.SocketChannelImpl.throwConnectionReset(SocketChannelImpl.java:401)
	at java.base/sun.nio.ch.SocketChannelImpl.read(SocketChannelImpl.java:434)
	at io.netty.buffer.PooledByteBuf.setBytes(PooledByteBuf.java:259)
	at io.netty.buffer.AbstractByteBuf.writeBytes(AbstractByteBuf.java:1132)
	at io.netty.channel.socket.nio.NioSocketChannel.doReadBytes(NioSocketChannel.java:357)
	at io.netty.channel.nio.AbstractNioByteChannel$NioByteUnsafe.read(AbstractNioByteChannel.java:151)
	at io.netty.channel.nio.NioEventLoop.processSelectedKey(NioEventLoop.java:788)
	at io.netty.channel.nio.NioEventLoop.processSelectedKeysOptimized(NioEventLoop.java:724)
	at io.netty.channel.nio.NioEventLoop.processSelectedKeys(NioEventLoop.java:650)
	at io.netty.channel.nio.NioEventLoop.run(NioEventLoop.java:562)
	at io.netty.util.concurrent.SingleThreadEventExecutor$4.run(SingleThreadEventExecutor.java:997)
	at io.netty.util.internal.ThreadExecutorMap$2.run(ThreadExecutorMap.java:74)
	at io.netty.util.concurrent.FastThreadLocalRunnable.run(FastThreadLocalRunnable.java:30)
	at java.base/java.lang.Thread.run(Thread.java:1589)
12:55:00.988 [AsyncHttpClient-1-9] DEBUG org.asynchttpclient.netty.channel.ChannelManager - Closing Channel [id: 0x6c6f3bd6, L:/127.0.0.1:57377 - R:localhost/127.0.0.1:57372] 
12:55:00.989 [AsyncHttpClient-1-9] DEBUG org.asynchttpclient.netty.handler.HttpHandler - Channel Closed: [id: 0x6c6f3bd6, L:/127.0.0.1:57377 ! R:localhost/127.0.0.1:57372] with attribute DISCARD
12:55:01.001 [AsyncHttpClient-1-8] DEBUG org.asynchttpclient.netty.handler.HttpHandler - 

Request DefaultFullHttpRequest(decodeResult: success, version: HTTP/1.1, content: EmptyByteBufBE)
DELETE /session/97ff30cfcdf25141abd39fdc9e0b75ec HTTP/1.1
User-Agent: selenium/4.7.1 (java windows)
Content-Type: application/json; charset=utf-8
host: localhost:44111
accept: */*

Response DefaultHttpResponse(decodeResult: success, version: HTTP/1.1)
HTTP/1.1 200 OK
Content-Type: application/json; charset=utf-8
cache-control: no-cache
content-length: 14

12:55:01.002 [AsyncHttpClient-1-8] DEBUG org.asynchttpclient.netty.channel.ChannelManager - Adding key: http://localhost:44111 for channel [id: 0xa0156e3b, L:/127.0.0.1:57371 - R:localhost/127.0.0.1:44111]
12:55:01.030 [AsyncHttpClient-1-8] DEBUG org.asynchttpclient.netty.handler.HttpHandler - Channel Closed: [id: 0xa0156e3b, L:/127.0.0.1:57371 ! R:localhost/127.0.0.1:44111] with attribute DISCARD
]]></system-out>
    <system-err><![CDATA[Starting ChromeDriver 110.0.5481.77 (65ed616c6e8ee3fe0ad64fe83796c020644d42af-refs/branch-heads/5481@{#839}) on port 44111
Only local connections are allowed.
Please see https://chromedriver.chromium.org/security-considerations for suggestions on keeping ChromeDriver safe.
ChromeDriver was started successfully.
[1677185691.581][WARNING]: virtual void DevToolsClientImpl::AddListener(DevToolsEventListener *) subscribing a listener to the already connected DevToolsClient. Connection notification will not arrive.
Feb 23, 2023 12:54:51 PM org.openqa.selenium.devtools.CdpVersionFinder findNearestMatch
WARNING: Unable to find an exact match for CDP version 110, so returning the closest version found: 108
]]></system-err>
  </testcase>
</testsuite>